2019-01-22 08:16:42.703201|INFO    |ServerLibPriv |   |TeamSpeak 3 Server 3.3.0 (2018-07-31 16:10:01)
2019-01-22 08:16:42.703300|INFO    |ServerLibPriv |   |SystemInformation: Linux 3.10.0-862.14.4.el7.x86_64 #1 SMP Wed Sep 26 15:12:11 UTC 2018 x86_64 Binary: 64bit
2019-01-22 08:16:42.703904|INFO    |DatabaseQuery |   |dbPlugin name:    SQLite3 plugin, Version 3, (c)TeamSpeak Systems GmbH
2019-01-22 08:16:42.703936|INFO    |DatabaseQuery |   |dbPlugin version: 3.11.1
2019-01-22 08:16:42.704117|INFO    |DatabaseQuery |   |checking database integrity (may take a while)
2019-01-22 08:16:42.721709|WARNING |Accounting    |   |Unable to open licensekey.dat, falling back to limited functionality
2019-01-22 08:16:42.721950|INFO    |Accounting    |   |Licensing Information
2019-01-22 08:16:42.721973|INFO    |Accounting    |   |licensed to       : Anonymous
2019-01-22 08:16:42.721986|INFO    |Accounting    |   |type              : No License
2019-01-22 08:16:42.722003|INFO    |Accounting    |   |starting date     : Sun Jul  1 00:00:00 2018
2019-01-22 08:16:42.722014|INFO    |Accounting    |   |ending date       : Wed Jul 31 00:00:00 2019
2019-01-22 08:16:42.722023|INFO    |Accounting    |   |max virtualservers: 1
2019-01-22 08:16:42.722032|INFO    |Accounting    |   |max slots         : 32
2019-01-22 08:16:42.946405|INFO    |              |   |myTeamSpeak identifier revocation list was downloaded successfully - all related features are activated
2019-01-22 08:16:44.302946|INFO    |              |   |Puzzle precompute time: 1535
2019-01-22 08:16:44.303314|INFO    |FileManager   |   |listening on 0.0.0.0:30033, [::]:30033
2019-01-22 08:16:44.313137|INFO    |Query         |   |listening for query on 0.0.0.0:10011, [::]:10011
2019-01-22 08:16:44.313221|INFO    |CIDRManager   |   |updated query_ip_whitelist ips: 127.0.0.1/32, ::1/128, 
2019-01-22 11:36:43.155069|INFO    |              |   |Error opening file "files/virtualserver_1/internal/icons/icon_345037176": No such file or directory
2019-01-22 11:36:43.163003|INFO    |              |   |Error opening file "files/virtualserver_1/internal/icons/icon_3417122722": No such file or directory
2019-01-22 11:36:43.164254|INFO    |              |   |Error opening file "files/virtualserver_1/internal/icons/icon_1297365456": No such file or directory
2019-01-22 11:36:43.183187|INFO    |              |   |Error opening file "files/virtualserver_1/internal/icons/icon_913662668": No such file or directory
2019-01-22 11:36:43.188344|INFO    |              |   |Error opening file "files/virtualserver_1/internal/icons/icon_95679974": No such file or directory
2019-01-22 11:36:43.219144|INFO    |              |   |Error opening file "files/virtualserver_1/internal/icons/icon_871106730": No such file or directory
2019-01-22 11:36:43.232025|INFO    |              |   |Error opening file "files/virtualserver_1/internal/icons/icon_916649827": No such file or directory
2019-01-22 12:15:43.865354|INFO    |              |   |Error opening file "files/virtualserver_1/internal/icons/icon_345037176": No such file or directory
2019-01-22 12:15:43.867273|INFO    |              |   |Error opening file "files/virtualserver_1/internal/icons/icon_3417122722": No such file or directory
2019-01-22 12:15:43.867894|INFO    |              |   |Error opening file "files/virtualserver_1/internal/icons/icon_1297365456": No such file or directory
2019-01-22 12:15:43.873356|INFO    |              |   |Error opening file "files/virtualserver_1/internal/icons/icon_913662668": No such file or directory
2019-01-22 12:15:43.876532|INFO    |              |   |Error opening file "files/virtualserver_1/internal/icons/icon_95679974": No such file or directory
2019-01-22 12:15:43.970713|INFO    |              |   |Error opening file "files/virtualserver_1/internal/icons/icon_871106730": No such file or directory
2019-01-22 12:15:43.971383|INFO    |              |   |Error opening file "files/virtualserver_1/internal/icons/icon_916649827": No such file or directory
2019-01-22 12:15:50.544820|INFO    |              |   |Error opening file "files/virtualserver_1/internal/avatar_cgjnlcjfppaphaefmdcjpgfhkjgfbmgdifjcjpfl": No such file or directory
2019-01-22 12:29:58.605575|INFO    |              |   |Error opening file "files/virtualserver_1/internal/icons/icon_345037176": No such file or directory
2019-01-22 12:29:58.608123|INFO    |              |   |Error opening file "files/virtualserver_1/internal/icons/icon_3417122722": No such file or directory
2019-01-22 12:29:58.608524|INFO    |              |   |Error opening file "files/virtualserver_1/internal/icons/icon_1297365456": No such file or directory
2019-01-22 12:29:58.707062|INFO    |              |   |Error opening file "files/virtualserver_1/internal/icons/icon_913662668": No such file or directory
2019-01-22 12:29:58.709865|INFO    |              |   |Error opening file "files/virtualserver_1/internal/icons/icon_95679974": No such file or directory
2019-01-22 12:29:58.871673|INFO    |              |   |Error opening file "files/virtualserver_1/internal/icons/icon_871106730": No such file or directory
2019-01-22 12:29:58.872227|INFO    |              |   |Error opening file "files/virtualserver_1/internal/icons/icon_916649827": No such file or directory
2019-01-22 12:30:00.209964|INFO    |              |   |Error opening file "files/virtualserver_1/internal/avatar_cgjnlcjfppaphaefmdcjpgfhkjgfbmgdifjcjpfl": No such file or directory
2019-01-22 12:30:02.014338|INFO    |              |   |Error opening file "files/virtualserver_1/internal/avatar_cgjnlcjfppaphaefmdcjpgfhkjgfbmgdifjcjpfl": No such file or directory
2019-01-22 12:48:47.643953|INFO    |              |   |Error opening file "files/virtualserver_1/internal/icons/icon_345037176": No such file or directory
2019-01-22 12:48:47.646926|INFO    |              |   |Error opening file "files/virtualserver_1/internal/icons/icon_3417122722": No such file or directory
2019-01-22 12:48:47.647524|INFO    |              |   |Error opening file "files/virtualserver_1/internal/icons/icon_1297365456": No such file or directory
2019-01-22 12:48:47.652113|INFO    |              |   |Error opening file "files/virtualserver_1/internal/icons/icon_913662668": No such file or directory
2019-01-22 12:48:47.656621|INFO    |              |   |Error opening file "files/virtualserver_1/internal/icons/icon_95679974": No such file or directory
2019-01-22 12:48:47.733701|INFO    |              |   |Error opening file "files/virtualserver_1/internal/icons/icon_871106730": No such file or directory
2019-01-22 12:48:47.734486|INFO    |              |   |Error opening file "files/virtualserver_1/internal/icons/icon_916649827": No such file or directory
2019-01-22 13:40:40.398105|INFO    |              |   |Error opening file "files/virtualserver_1/internal/avatar_cgjnlcjfppaphaefmdcjpgfhkjgfbmgdifjcjpfl": No such file or directory
2019-01-22 13:40:51.852853|INFO    |              |   |Error opening file "files/virtualserver_1/internal/avatar_cgjnlcjfppaphaefmdcjpgfhkjgfbmgdifjcjpfl": No such file or directory
2019-01-22 13:41:02.624059|INFO    |              |   |Error opening file "files/virtualserver_1/internal/avatar_cgjnlcjfppaphaefmdcjpgfhkjgfbmgdifjcjpfl": No such file or directory
2019-01-22 13:41:02.778820|INFO    |              |   |Error opening file "files/virtualserver_1/internal/avatar_cgjnlcjfppaphaefmdcjpgfhkjgfbmgdifjcjpfl": No such file or directory
2019-01-22 13:48:53.575797|INFO    |              |   |Error opening file "files/virtualserver_1/internal/icons/icon_345037176": No such file or directory
2019-01-22 13:48:53.576869|INFO    |              |   |Error opening file "files/virtualserver_1/internal/icons/icon_3417122722": No such file or directory
2019-01-22 13:48:53.576903|INFO    |              |   |Error opening file "files/virtualserver_1/internal/icons/icon_1297365456": No such file or directory
2019-01-22 13:48:53.576921|INFO    |              |   |Error opening file "files/virtualserver_1/internal/icons/icon_913662668": No such file or directory
2019-01-22 13:48:53.578384|INFO    |              |   |Error opening file "files/virtualserver_1/internal/icons/icon_95679974": No such file or directory
2019-01-22 13:48:53.622718|INFO    |              |   |Error opening file "files/virtualserver_1/internal/icons/icon_871106730": No such file or directory
2019-01-22 13:48:59.493540|INFO    |              |   |Error opening file "files/virtualserver_1/internal/icons/icon_916649827": No such file or directory
2019-01-22 13:55:20.226003|INFO    |              |   |Error opening file "files/virtualserver_1/internal/icons/icon_345037176": No such file or directory
2019-01-22 13:55:20.229877|INFO    |              |   |Error opening file "files/virtualserver_1/internal/icons/icon_3417122722": No such file or directory
2019-01-22 13:55:20.230425|INFO    |              |   |Error opening file "files/virtualserver_1/internal/icons/icon_1297365456": No such file or directory
2019-01-22 13:55:20.232065|INFO    |              |   |Error opening file "files/virtualserver_1/internal/icons/icon_913662668": No such file or directory
2019-01-22 13:55:20.238003|INFO    |              |   |Error opening file "files/virtualserver_1/internal/icons/icon_95679974": No such file or directory
2019-01-22 13:55:20.330121|INFO    |              |   |Error opening file "files/virtualserver_1/internal/icons/icon_871106730": No such file or directory
2019-01-22 13:55:20.331101|INFO    |              |   |Error opening file "files/virtualserver_1/internal/icons/icon_916649827": No such file or directory
2019-01-22 13:55:31.782373|INFO    |              |   |Error opening file "files/virtualserver_1/internal/avatar_fcbnjifnkjoflbjnappbombbjglgnakjkeiclkbd": No such file or directory
2019-01-22 14:20:05.686044|INFO    |              |   |Error opening file "files/virtualserver_1/internal/icons/icon_871106730": No such file or directory
2019-01-22 14:39:30.008249|INFO    |              |   |Error opening file "files/virtualserver_1/internal/icons/icon_345037176": No such file or directory
2019-01-22 14:39:31.638658|INFO    |              |   |Error opening file "files/virtualserver_1/internal/icons/icon_3417122722": No such file or directory
2019-01-22 14:39:31.662234|INFO    |              |   |Error opening file "files/virtualserver_1/internal/icons/icon_1297365456": No such file or directory
2019-01-22 14:39:31.742231|INFO    |              |   |Error opening file "files/virtualserver_1/internal/icons/icon_913662668": No such file or directory
2019-01-22 14:39:32.609428|INFO    |              |   |Error opening file "files/virtualserver_1/internal/icons/icon_95679974": No such file or directory
2019-01-22 14:39:32.689115|INFO    |              |   |Error opening file "files/virtualserver_1/internal/icons/icon_871106730": No such file or directory
2019-01-22 14:39:33.502421|INFO    |              |   |Error opening file "files/virtualserver_1/internal/icons/icon_916649827": No such file or directory
2019-01-22 15:13:12.958392|INFO    |              |   |Error opening file "files/virtualserver_1/internal/avatar_cgjnlcjfppaphaefmdcjpgfhkjgfbmgdifjcjpfl": No such file or directory
2019-01-22 15:14:10.640105|INFO    |              |   |Error opening file "files/virtualserver_1/internal/avatar_cgjnlcjfppaphaefmdcjpgfhkjgfbmgdifjcjpfl": No such file or directory
2019-01-22 15:14:10.781214|INFO    |              |   |Error opening file "files/virtualserver_1/internal/icons/icon_345037176": No such file or directory
2019-01-22 15:14:10.782368|INFO    |              |   |Error opening file "files/virtualserver_1/internal/icons/icon_3417122722": No such file or directory
2019-01-22 15:14:10.782614|INFO    |              |   |Error opening file "files/virtualserver_1/internal/icons/icon_1297365456": No such file or directory
2019-01-22 15:14:10.786105|INFO    |              |   |Error opening file "files/virtualserver_1/internal/icons/icon_913662668": No such file or directory
2019-01-22 15:14:10.789173|INFO    |              |   |Error opening file "files/virtualserver_1/internal/icons/icon_95679974": No such file or directory
2019-01-22 15:14:10.866515|INFO    |              |   |Error opening file "files/virtualserver_1/internal/icons/icon_871106730": No such file or directory
2019-01-22 15:14:10.867134|INFO    |              |   |Error opening file "files/virtualserver_1/internal/icons/icon_916649827": No such file or directory
2019-01-22 15:27:27.038572|INFO    |              |   |Error opening file "files/virtualserver_1/internal/icons/icon_345037176": No such file or directory
2019-01-22 15:27:27.104676|INFO    |              |   |Error opening file "files/virtualserver_1/internal/icons/icon_3417122722": No such file or directory
2019-01-22 15:27:27.105518|INFO    |              |   |Error opening file "files/virtualserver_1/internal/icons/icon_1297365456": No such file or directory
2019-01-22 15:27:27.175955|INFO    |              |   |Error opening file "files/virtualserver_1/internal/icons/icon_913662668": No such file or directory
2019-01-22 15:27:27.180473|INFO    |              |   |Error opening file "files/virtualserver_1/internal/icons/icon_95679974": No such file or directory
2019-01-22 15:27:37.760421|INFO    |              |   |Error opening file "files/virtualserver_1/internal/icons/icon_916649827": No such file or directory
2019-01-22 15:47:20.876015|INFO    |              |   |Error opening file "files/virtualserver_1/internal/icons/icon_871106730": No such file or directory
2019-01-22 15:47:20.881915|INFO    |              |   |Error opening file "files/virtualserver_1/internal/icons/icon_916649827": No such file or directory
2019-01-22 15:53:09.567237|INFO    |              |   |Error opening file "files/virtualserver_1/internal/icons/icon_345037176": No such file or directory
2019-01-22 15:53:09.570967|INFO    |              |   |Error opening file "files/virtualserver_1/internal/icons/icon_3417122722": No such file or directory
2019-01-22 15:53:09.570997|INFO    |              |   |Error opening file "files/virtualserver_1/internal/icons/icon_1297365456": No such file or directory
2019-01-22 15:53:12.401053|INFO    |              |   |Error opening file "files/virtualserver_1/internal/icons/icon_913662668": No such file or directory
2019-01-22 15:53:13.968804|INFO    |              |   |Error opening file "files/virtualserver_1/internal/icons/icon_95679974": No such file or directory
2019-01-22 15:53:14.014941|INFO    |              |   |Error opening file "files/virtualserver_1/internal/icons/icon_871106730": No such file or directory
2019-01-22 16:52:26.577038|INFO    |              |   |Error opening file "files/virtualserver_1/internal/icons/icon_345037176": No such file or directory
2019-01-22 16:52:26.578854|INFO    |              |   |Error opening file "files/virtualserver_1/internal/icons/icon_3417122722": No such file or directory
2019-01-22 16:52:26.580426|INFO    |              |   |Error opening file "files/virtualserver_1/internal/icons/icon_1297365456": No such file or directory
2019-01-22 16:52:26.602963|INFO    |              |   |Error opening file "files/virtualserver_1/internal/icons/icon_913662668": No such file or directory
2019-01-22 16:52:26.636716|INFO    |              |   |Error opening file "files/virtualserver_1/internal/icons/icon_95679974": No such file or directory
2019-01-22 16:52:26.667463|INFO    |              |   |Error opening file "files/virtualserver_1/internal/icons/icon_871106730": No such file or directory
2019-01-22 16:52:26.667844|INFO    |              |   |Error opening file "files/virtualserver_1/internal/icons/icon_916649827": No such file or directory
2019-01-22 17:15:14.001755|INFO    |              |   |Error opening file "files/virtualserver_1/internal/icons/icon_345037176": No such file or directory
2019-01-22 17:15:14.004117|INFO    |              |   |Error opening file "files/virtualserver_1/internal/icons/icon_3417122722": No such file or directory
2019-01-22 17:15:14.004482|INFO    |              |   |Error opening file "files/virtualserver_1/internal/icons/icon_1297365456": No such file or directory
2019-01-22 17:15:14.008161|INFO    |              |   |Error opening file "files/virtualserver_1/internal/icons/icon_913662668": No such file or directory
2019-01-22 17:15:14.009621|INFO    |              |   |Error opening file "files/virtualserver_1/internal/icons/icon_95679974": No such file or directory
2019-01-22 17:15:14.076887|INFO    |              |   |Error opening file "files/virtualserver_1/internal/icons/icon_871106730": No such file or directory
2019-01-22 17:15:14.078118|INFO    |              |   |Error opening file "files/virtualserver_1/internal/icons/icon_916649827": No such file or directory
2019-01-22 17:45:33.756974|INFO    |              |   |Error opening file "files/virtualserver_1/internal/avatar_cgjnlcjfppaphaefmdcjpgfhkjgfbmgdifjcjpfl": No such file or directory
2019-01-22 17:47:31.129922|INFO    |              |   |Error opening file "files/virtualserver_1/internal/avatar_cgjnlcjfppaphaefmdcjpgfhkjgfbmgdifjcjpfl": No such file or directory
2019-01-22 17:47:37.529616|INFO    |              |   |Error opening file "files/virtualserver_1/internal/avatar_cgjnlcjfppaphaefmdcjpgfhkjgfbmgdifjcjpfl": No such file or directory
2019-01-22 17:47:38.532541|INFO    |              |   |Error opening file "files/virtualserver_1/internal/avatar_cgjnlcjfppaphaefmdcjpgfhkjgfbmgdifjcjpfl": No such file or directory
2019-01-22 17:47:39.981377|INFO    |              |   |Error opening file "files/virtualserver_1/internal/avatar_cgjnlcjfppaphaefmdcjpgfhkjgfbmgdifjcjpfl": No such file or directory
2019-01-23 03:00:13.078481|INFO    |              |   |Error opening file "files/virtualserver_1/internal/icons/icon_345037176": No such file or directory
2019-01-23 03:00:13.079600|INFO    |              |   |Error opening file "files/virtualserver_1/internal/icons/icon_3417122722": No such file or directory
2019-01-23 03:00:13.079634|INFO    |              |   |Error opening file "files/virtualserver_1/internal/icons/icon_1297365456": No such file or directory
2019-01-23 03:00:13.079872|INFO    |              |   |Error opening file "files/virtualserver_1/internal/icons/icon_913662668": No such file or directory
2019-01-23 03:00:13.081809|INFO    |              |   |Error opening file "files/virtualserver_1/internal/icons/icon_95679974": No such file or directory
2019-01-23 03:00:13.129456|INFO    |              |   |Error opening file "files/virtualserver_1/internal/icons/icon_871106730": No such file or directory
2019-01-23 03:00:13.129933|INFO    |              |   |Error opening file "files/virtualserver_1/internal/icons/icon_916649827": No such file or directory
2019-01-23 07:27:52.722600|INFO    |              |   |Error opening file "files/virtualserver_1/internal/icons/icon_1297365456": No such file or directory
2019-01-23 08:16:43.105085|INFO    |              |   |myTeamSpeak identifier revocation list was downloaded successfully - all related features are activated
