2019-03-25 11:30:41.583328|INFO    |VirtualServer |1  |listening on 0.0.0.0:9987, [::]:9987
2019-03-25 18:05:44.861506|INFO    |PktHandler    |1  |Dropping client 7 because of ping timeout 19 0 0
2019-03-26 01:27:16.673019|INFO    |PktHandler    |1  |Dropping client 9 because of ping timeout 19 0 0
2019-03-26 07:10:50.080586|INFO    |VirtualServer |1  |client (id:493) was added to servergroup 'Monkas'(id:6) by client 'Ford'(id:454)
2019-03-26 07:12:08.244327|INFO    |VirtualServer |1  |permission 'i_icon_id'(id:144) with values (value:1968538709) was added by 'ZivesO'(id:493) to channel 'я๐๐м :: MuffinnnZzzz ●﹏●'(id:17)
2019-03-26 07:12:24.357344|INFO    |VirtualServer |1  |permission 'i_icon_id'(id:144) with values (value:1269629472) was added by 'ZivesO'(id:493) to channel 'Watching anime'(id:9)
2019-03-26 07:12:33.023044|INFO    |VirtualServer |1  |permission 'i_icon_id'(id:144) with values (value:-958066624) was added by 'ZivesO'(id:493) to channel 'я๐๐м :: Jimmy'(id:22)
2019-03-26 07:12:43.548738|INFO    |VirtualServer |1  |permission 'i_icon_id'(id:144) with values (value:-292357720) was added by 'ZivesO'(id:493) to channel 'я๐๐м :: Merodachs'(id:20)
2019-03-26 07:12:54.330637|INFO    |VirtualServer |1  |permission 'i_icon_id'(id:144) with values (value:-2060497564) was added by 'ZivesO'(id:493) to channel 'я๐๐м :: anna molly'(id:36)
2019-03-26 07:13:10.066185|INFO    |VirtualServer |1  |permission 'i_icon_id'(id:144) with values (value:403127093) was added by 'ZivesO'(id:493) to channel 'я๐๐м :: Tinúviel'(id:28)
2019-03-26 07:13:16.436087|INFO    |VirtualServer |1  |permission 'i_icon_id'(id:144) with values (value:-1750768366) was added by 'ZivesO'(id:493) to channel 'Sleeping Beauty'(id:40)
2019-03-26 07:13:29.441215|INFO    |VirtualServer |1  |permission 'i_icon_id'(id:144) with values (value:651332214) was added by 'ZivesO'(id:493) to channel 'я๐๐м :: FEVER'(id:31)
2019-03-26 07:13:40.469056|INFO    |VirtualServer |1  |permission 'i_icon_id'(id:144) with values (value:0) was added by 'ZivesO'(id:493) to channel 'я๐๐м :: Fixz'(id:52)
2019-03-26 07:13:52.814619|INFO    |VirtualServer |1  |permission 'i_icon_id'(id:144) with values (value:0) was added by 'ZivesO'(id:493) to channel 'я๐๐м :: MuffinnnZzzz ●﹏●'(id:17)
2019-03-26 07:13:59.098603|INFO    |VirtualServer |1  |permission 'i_icon_id'(id:144) with values (value:0) was added by 'ZivesO'(id:493) to channel 'я๐๐м :: Merodachs'(id:20)
2019-03-26 07:14:04.450023|INFO    |VirtualServer |1  |permission 'i_icon_id'(id:144) with values (value:0) was added by 'ZivesO'(id:493) to channel 'я๐๐м :: anna molly'(id:36)
2019-03-26 07:14:09.190381|INFO    |VirtualServer |1  |permission 'i_icon_id'(id:144) with values (value:0) was added by 'ZivesO'(id:493) to channel 'я๐๐м :: KBoB'(id:24)
2019-03-26 07:14:15.304255|INFO    |VirtualServer |1  |permission 'i_icon_id'(id:144) with values (value:0) was added by 'ZivesO'(id:493) to channel 'я๐๐м :: FEVER'(id:31)
2019-03-26 11:50:21.141035|INFO    |PktHandler    |1  |Dropping client 1 because of ping timeout 19 0 0
2019-03-26 12:03:31.935353|INFO    |PktHandler    |1  |Dropping client 19 because of ping timeout 19 0 0
2019-03-26 12:11:03.351566|INFO    |VirtualServer |1  |client (id:73) was removed from servergroup 'Antipass'(id:9) by client 'Lüthièn'(id:16)
2019-03-26 12:18:15.471810|INFO    |VirtualServer |1  |client (id:137) was removed from servergroup 'Antipass'(id:9) by client 'Lüthièn'(id:16)
2019-03-26 12:19:13.496069|INFO    |VirtualServer |1  |client (id:137) was added to servergroup 'Antipass'(id:9) by client 'Lüthièn'(id:16)
2019-03-26 12:19:19.716076|INFO    |VirtualServer |1  |client (id:73) was added to servergroup 'Antipass'(id:9) by client 'Lüthièn'(id:16)
2019-03-26 12:24:48.007245|INFO    |VirtualServer |1  |client (id:137) was removed from servergroup 'Antipass'(id:9) by client 'Lüthièn'(id:16)
2019-03-26 12:25:56.181674|INFO    |VirtualServer |1  |client (id:137) was added to servergroup 'Antipass'(id:9) by client 'Lüthièn'(id:16)
2019-03-26 14:12:43.390050|INFO    |PktHandler    |1  |Dropping client 24 because of ping timeout 19 0 0
2019-03-26 14:57:04.420738|INFO    |PktHandler    |1  |Dropping client 25 because of ping timeout 19 0 0
2019-03-26 17:40:14.296598|INFO    |PktHandler    |1  |Dropping client 17 because of ping timeout 19 0 0
2019-03-27 03:38:45.049334|INFO    |PktHandler    |1  |Dropping client 4 because of ping timeout 19 0 0
2019-03-27 04:54:18.578240|INFO    |PktHandler    |1  |Dropping client 9 because of ping timeout 19 0 0
2019-03-27 07:34:15.771082|INFO    |PktHandler    |1  |Dropping client 10 because of ping timeout 19 0 0
2019-03-28 10:26:22.930803|INFO    |PktHandler    |1  |Dropping client 4 because of ping timeout 19 0 0
2019-03-29 09:39:05.171045|INFO    |PktHandler    |1  |Dropping client 1 because of ping timeout 19 0 0
2019-03-30 16:18:08.124943|INFO    |PktHandler    |1  |Dropping client 11 because of ping timeout 19 0 0
2019-03-31 07:04:23.293702|INFO    |PktHandler    |1  |Dropping client 8 because of ping timeout 19 0 0
2019-03-31 10:32:35.998788|INFO    |PktHandler    |1  |Dropping client 3 because of ping timeout 19 0 0
2019-03-31 10:33:59.165258|INFO    |PktHandler    |1  |Dropping client 11 because of ping timeout 19 0 0
2019-03-31 11:54:26.944847|INFO    |VirtualServer |1  |client (id:509) was added to servergroup 'Monkas'(id:6) by client 'Merodachs'(id:437)
2019-03-31 12:03:43.373434|INFO    |PktHandler    |1  |Dropping client 21 because of ping timeout 19 0 0
2019-03-31 12:05:10.595334|INFO    |PktHandler    |1  |Dropping client 12 because of ping timeout 19 0 0
2019-03-31 12:33:27.902966|INFO    |PktHandler    |1  |Cleaning up connection because of 8 resends of COMMAND packet
2019-03-31 16:00:54.545378|INFO    |PktHandler    |1  |Dropping client 4 because of ping timeout 19 0 0
2019-04-01 03:50:01.563362|INFO    |PktHandler    |1  |Dropping client 4 because of ping timeout 19 0 0
2019-04-01 12:42:08.045650|INFO    |PktHandler    |1  |Dropping client 15 because of ping timeout 19 0 0
2019-04-01 13:28:59.034129|INFO    |PktHandler    |1  |Dropping client 17 because of ping timeout 19 0 0
2019-04-01 15:20:21.290042|INFO    |PktHandler    |1  |Dropping client 24 because of ping timeout 19 0 0
2019-04-01 15:20:54.064462|INFO    |PktHandler    |1  |Cleaning up connection because of 9 resends of COMMAND packet
2019-04-01 15:20:54.064606|INFO    |PktHandler    |1  |Dropping client 26 because of resend timeout
2019-04-01 15:21:23.734687|INFO    |PktHandler    |1  |Cleaning up connection because of 9 resends of COMMAND packet
2019-04-01 15:21:23.735068|INFO    |PktHandler    |1  |Dropping client 27 because of resend timeout
2019-04-01 15:22:17.456422|INFO    |PktHandler    |1  |Cleaning up connection because of 9 resends of COMMAND packet
2019-04-01 15:22:17.456533|INFO    |PktHandler    |1  |Dropping client 28 because of resend timeout
2019-04-01 15:22:28.881117|INFO    |PktHandler    |1  |Cleaning up connection because of 9 resends of COMMAND packet
2019-04-01 15:22:28.881213|INFO    |PktHandler    |1  |Dropping client 29 because of resend timeout
2019-04-01 15:55:35.215977|INFO    |PktHandler    |1  |Dropping client 31 because of ping timeout 19 0 0
2019-04-01 17:09:19.755031|INFO    |PktHandler    |1  |Dropping client 1 because of ping timeout 19 0 0
2019-04-01 18:37:28.868224|INFO    |PktHandler    |1  |Dropping client 12 because of ping timeout 19 0 0
2019-04-01 18:38:58.979078|INFO    |PktHandler    |1  |Cleaning up connection because of 9 resends of COMMAND packet
2019-04-01 18:38:58.979192|INFO    |PktHandler    |1  |Dropping client 13 because of resend timeout
2019-04-02 09:32:49.910948|INFO    |PktHandler    |1  |Dropping client 4 because of ping timeout 19 0 0
2019-04-02 16:47:01.216660|INFO    |PktHandler    |1  |Dropping client 21 because of ping timeout 19 0 0
2019-04-03 10:22:20.288561|INFO    |PktHandler    |1  |Dropping client 12 because of ping timeout 19 0 0
2019-04-03 15:20:13.166322|INFO    |PktHandler    |1  |Dropping client 18 because of ping timeout 19 0 0
2019-04-04 12:11:56.714929|INFO    |PktHandler    |1  |Dropping client 16 because of ping timeout 19 0 0
2019-04-04 12:35:39.229580|INFO    |PktHandler    |1  |Dropping client 11 because of ping timeout 19 0 0
2019-04-04 14:43:32.910153|INFO    |PktHandler    |1  |Cleaning up connection because of 9 resends of COMMAND packet
2019-04-04 14:43:32.910277|INFO    |PktHandler    |1  |Dropping client 11 because of resend timeout
2019-04-04 17:38:04.644661|INFO    |PktHandler    |1  |Dropping client 13 because of ping timeout 19 0 0
2019-04-04 18:28:05.571612|INFO    |PktHandler    |1  |Dropping client 10 because of ping timeout 19 0 0
2019-04-04 22:00:42.150914|INFO    |PktHandler    |1  |Dropping client 1 because of ping timeout 19 0 0
2019-04-05 12:03:52.809685|INFO    |PktHandler    |1  |Dropping client 6 because of ping timeout 19 0 0
2019-04-05 15:11:01.360618|INFO    |PktHandler    |1  |Dropping client 14 because of ping timeout 19 0 0
2019-04-06 05:26:07.078277|INFO    |PktHandler    |1  |Dropping client 5 because of ping timeout 19 0 0
2019-04-06 05:32:05.164028|INFO    |PktHandler    |1  |Dropping client 7 because of ping timeout 19 0 0
2019-04-06 06:12:11.033219|INFO    |PktHandler    |1  |Dropping client 8 because of ping timeout 19 0 0
2019-04-06 08:48:41.136609|INFO    |PktHandler    |1  |Dropping client 9 because of ping timeout 19 0 0
2019-04-06 09:12:50.961161|INFO    |PktHandler    |1  |Dropping client 11 because of ping timeout 19 0 0
2019-04-07 03:44:38.069402|INFO    |PktHandler    |1  |Dropping client 5 because of ping timeout 19 0 0
2019-04-07 04:36:47.781944|INFO    |PktHandler    |1  |Dropping client 7 because of ping timeout 19 0 0
2019-04-07 14:56:20.437993|INFO    |PktHandler    |1  |Dropping client 19 because of ping timeout 19 0 0
2019-04-07 15:32:42.716159|INFO    |PktHandler    |1  |Dropping client 10 because of ping timeout 19 0 0
2019-04-07 15:39:20.662216|INFO    |PktHandler    |1  |Dropping client 4 because of ping timeout 19 0 0
2019-04-07 18:17:50.801068|INFO    |PktHandler    |1  |Dropping client 14 because of ping timeout 19 0 0
2019-04-08 03:45:10.198196|INFO    |PktHandler    |1  |Dropping client 6 because of ping timeout 19 0 0
2019-04-08 06:55:47.768654|INFO    |PktHandler    |1  |Dropping client 9 because of ping timeout 19 0 0
2019-04-08 09:16:01.954258|INFO    |PktHandler    |1  |Dropping client 7 because of ping timeout 19 0 0
2019-04-08 13:39:09.643098|INFO    |PktHandler    |1  |Dropping client 17 because of ping timeout 19 0 0
2019-04-08 14:25:57.453120|INFO    |PktHandler    |1  |Dropping client 9 because of ping timeout 19 0 0
2019-04-09 10:45:28.631119|INFO    |PktHandler    |1  |Dropping client 8 because of ping timeout 19 0 0
2019-04-09 13:11:57.131100|INFO    |VirtualServer |1  |client (id:137) was added to servergroup 'Normal'(id:7) by client 'Lüthièn'(id:16)
2019-04-09 13:14:25.362268|INFO    |PktHandler    |1  |Dropping client 9 because of ping timeout 19 0 0
2019-04-09 13:31:09.795459|INFO    |PktHandler    |1  |Dropping client 12 because of ping timeout 19 0 0
2019-04-09 15:11:51.118749|INFO    |PktHandler    |1  |Dropping client 10 because of ping timeout 19 0 0
2019-04-09 18:47:05.926553|INFO    |PktHandler    |1  |Dropping client 10 because of ping timeout 19 0 0
2019-04-10 03:46:13.856721|INFO    |PktHandler    |1  |Dropping client 2 because of ping timeout 19 0 0
2019-04-10 12:04:03.781513|INFO    |PktHandler    |1  |Dropping client 1 because of ping timeout 19 0 0
2019-04-10 16:32:31.945140|INFO    |VirtualServer |1  |client (id:137) was removed from servergroup 'Normal'(id:7) by client 'Lüthièn'(id:16)
2019-04-11 06:17:48.107126|INFO    |PktHandler    |1  |Dropping client 3 because of ping timeout 19 0 0
2019-04-11 09:20:05.448401|INFO    |PktHandler    |1  |Dropping client 14 because of ping timeout 19 0 0
2019-04-12 03:47:13.693155|INFO    |PktHandler    |1  |Cleaning up connection because of 12 resends of COMMAND packet
2019-04-12 03:47:13.693332|INFO    |PktHandler    |1  |Dropping client 3 because of resend timeout
2019-04-12 15:54:44.950415|INFO    |PktHandler    |1  |Dropping client 8 because of ping timeout 19 0 0
2019-04-13 01:55:58.808705|INFO    |PktHandler    |1  |Dropping client 3 because of ping timeout 19 0 0
2019-04-13 08:16:13.134976|INFO    |PktHandler    |1  |Dropping client 1 because of ping timeout 19 0 0
2019-04-13 08:16:13.135402|INFO    |PktHandler    |1  |Dropping client 8 because of ping timeout 19 0 0
2019-04-15 05:55:58.080087|INFO    |PktHandler    |1  |Cleaning up connection because of 7 resends of COMMAND packet
2019-04-15 13:52:57.951420|INFO    |PktHandler    |1  |Dropping client 9 because of ping timeout 19 0 0
2019-04-15 17:28:09.585865|INFO    |PktHandler    |1  |Dropping client 12 because of ping timeout 19 0 0
2019-04-16 00:06:34.125872|INFO    |PktHandler    |1  |Dropping client 11 because of ping timeout 19 0 0
2019-04-18 12:49:49.558528|INFO    |PktHandler    |1  |Dropping client 8 because of ping timeout 19 0 0
2019-04-18 13:45:21.155168|INFO    |PktHandler    |1  |Cleaning up connection because of 13 resends of COMMAND packet
2019-04-18 13:45:21.155287|INFO    |PktHandler    |1  |Dropping client 10 because of resend timeout
2019-04-18 15:14:57.030650|INFO    |VirtualServer |1  |client (id:512) was added to servergroup 'Antipass'(id:9) by client 'MuffinnnZzzz'(id:446)
2019-04-18 15:15:45.719297|INFO    |VirtualServer |1  |client (id:513) was added to servergroup 'Antipass'(id:9) by client 'MuffinnnZzzz'(id:446)
2019-04-18 17:05:02.510554|INFO    |PktHandler    |1  |Dropping client 21 because of ping timeout 19 0 0
2019-04-19 18:28:40.299597|INFO    |PktHandler    |1  |Dropping client 17 because of ping timeout 19 0 0
2019-04-20 03:56:45.854439|INFO    |PktHandler    |1  |Dropping client 4 because of ping timeout 19 0 0
2019-04-21 02:18:48.803625|INFO    |PktHandler    |1  |Dropping client 3 because of ping timeout 19 0 0
2019-04-22 16:23:56.507546|INFO    |PktHandler    |1  |Dropping client 8 because of ping timeout 19 0 0
2019-04-22 16:57:24.301067|INFO    |PktHandler    |1  |Dropping client 9 because of ping timeout 19 0 0
2019-04-22 17:01:48.901186|INFO    |PktHandler    |1  |Dropping client 13 because of ping timeout 19 0 0
2019-04-22 17:23:08.862995|INFO    |PktHandler    |1  |Dropping client 1 because of ping timeout 19 0 0
2019-04-22 17:24:00.970930|INFO    |PktHandler    |1  |Dropping client 7 because of ping timeout 19 0 0
2019-04-22 17:30:35.888905|INFO    |PktHandler    |1  |Dropping client 3 because of ping timeout 19 0 0
2019-04-22 19:30:17.632374|INFO    |PktHandler    |1  |Dropping client 2 because of ping timeout 19 0 0
2019-04-22 20:29:32.819986|INFO    |PktHandler    |1  |Dropping client 11 because of ping timeout 19 0 0
2019-04-22 20:32:08.154485|INFO    |PktHandler    |1  |Dropping client 7 because of ping timeout 19 0 0
2019-04-23 18:58:28.780847|INFO    |PktHandler    |1  |Dropping client 5 because of ping timeout 19 0 0
2019-04-24 06:50:44.288517|INFO    |PktHandler    |1  |Dropping client 4 because of ping timeout 19 0 0
2019-04-24 12:38:09.277696|INFO    |PktHandler    |1  |Dropping client 13 because of ping timeout 19 0 0
2019-04-24 12:48:42.769414|INFO    |PktHandler    |1  |Dropping client 17 because of ping timeout 19 0 0
2019-04-24 17:10:53.810530|INFO    |PktHandler    |1  |Dropping client 6 because of ping timeout 19 0 0
2019-04-25 06:50:54.020661|INFO    |PktHandler    |1  |Dropping client 14 because of ping timeout 19 0 0
2019-04-25 10:49:45.215196|INFO    |PktHandler    |1  |Dropping client 6 because of ping timeout 19 0 0
2019-04-25 10:53:56.952217|INFO    |PktHandler    |1  |Dropping client 7 because of ping timeout 19 0 0
2019-04-26 10:59:50.621661|INFO    |PktHandler    |1  |Dropping client 3 because of ping timeout 19 0 0
2019-04-26 14:31:45.373218|INFO    |PktHandler    |1  |Cleaning up connection because of 9 resends of COMMAND packet
2019-04-26 14:31:45.373498|INFO    |PktHandler    |1  |Dropping client 17 because of resend timeout
2019-04-26 15:04:26.316019|INFO    |PktHandler    |1  |Dropping client 19 because of ping timeout 19 0 0
2019-04-26 15:18:01.919955|INFO    |PktHandler    |1  |Dropping client 20 because of ping timeout 19 0 0
2019-04-27 06:19:54.288194|INFO    |PktHandler    |1  |Dropping client 4 because of ping timeout 19 0 0
2019-04-27 09:51:33.801443|INFO    |PktHandler    |1  |Dropping client 10 because of ping timeout 19 0 0
2019-04-27 23:11:38.012133|INFO    |PktHandler    |1  |Dropping client 17 because of ping timeout 19 0 0
2019-04-28 08:03:41.673831|INFO    |PktHandler    |1  |Dropping client 8 because of ping timeout 19 0 0
2019-04-28 12:01:30.696031|INFO    |PktHandler    |1  |Dropping client 10 because of ping timeout 19 0 0
2019-04-28 13:04:33.116316|INFO    |PktHandler    |1  |Dropping client 19 because of ping timeout 19 0 0
2019-04-28 13:12:38.495712|INFO    |PktHandler    |1  |Cleaning up connection because of 3 resends of COMMAND packet
2019-04-28 13:12:38.495830|INFO    |PktHandler    |1  |Dropping client 21 because of resend timeout
2019-04-28 13:13:45.228418|INFO    |PktHandler    |1  |Dropping client 25 because of ping timeout 19 0 0
2019-04-29 05:55:52.896893|INFO    |PktHandler    |1  |Dropping client 18 because of ping timeout 19 0 0
2019-04-29 15:22:04.676170|INFO    |PktHandler    |1  |Dropping client 14 because of ping timeout 19 0 0
2019-04-29 16:40:19.724347|INFO    |PktHandler    |1  |Dropping client 19 because of ping timeout 19 0 0
2019-04-30 12:46:42.701671|INFO    |PktHandler    |1  |Dropping client 11 because of ping timeout 19 0 0
2019-04-30 13:32:28.796563|INFO    |PktHandler    |1  |Cleaning up connection because of 11 resends of COMMAND packet
2019-04-30 13:32:28.796684|INFO    |PktHandler    |1  |Dropping client 1 because of resend timeout
2019-04-30 16:06:56.508972|INFO    |PktHandler    |1  |Dropping client 19 because of ping timeout 19 0 0
2019-04-30 21:29:24.017104|INFO    |PktHandler    |1  |Dropping client 10 because of ping timeout 19 0 0
2019-05-01 05:35:59.489469|INFO    |VirtualServer |1  |client 'rofl brb lunch'(id:9) was added to channelgroup 'Channel Admin'(id:5) by client 'Poนด์'(id:7) in channel 'я๐๐м :: Jimmy'(id:22)
2019-05-01 10:59:42.512137|INFO    |PktHandler    |1  |Dropping client 10 because of ping timeout 19 0 0
2019-05-01 13:40:33.029214|INFO    |VirtualServer |1  |client (id:515) was added to servergroup 'Monkas'(id:6) by client 'เรนงานคอมพิการ'(id:7)
2019-05-01 19:02:49.329431|INFO    |PktHandler    |1  |Dropping client 2 because of ping timeout 19 0 0
2019-05-01 19:28:35.349750|INFO    |PktHandler    |1  |Dropping client 23 because of ping timeout 19 0 0
2019-05-01 20:47:48.152921|INFO    |PktHandler    |1  |Dropping client 8 because of ping timeout 19 0 0
2019-05-02 06:10:49.154165|INFO    |PktHandler    |1  |Dropping client 20 because of ping timeout 19 0 0
2019-05-02 14:06:24.180967|INFO    |PktHandler    |1  |Dropping client 17 because of ping timeout 19 0 0
2019-05-02 16:40:37.573127|INFO    |PktHandler    |1  |Dropping client 9 because of ping timeout 19 0 0
2019-05-03 04:49:33.492469|INFO    |PktHandler    |1  |Dropping client 1 because of ping timeout 19 0 0
2019-05-04 10:47:53.286775|INFO    |PktHandler    |1  |Dropping client 7 because of ping timeout 19 0 0
2019-05-04 23:30:10.137386|INFO    |PktHandler    |1  |Dropping client 10 because of ping timeout 19 0 0
2019-05-05 10:05:16.676807|INFO    |PktHandler    |1  |Cleaning up connection because of 9 resends of COMMAND packet
2019-05-05 12:53:41.687614|INFO    |PktHandler    |1  |Dropping client 6 because of ping timeout 19 0 0
2019-05-06 00:58:33.243362|INFO    |PktHandler    |1  |Dropping client 4 because of ping timeout 19 0 0
2019-05-06 11:35:50.457480|INFO    |PktHandler    |1  |Dropping client 6 because of ping timeout 19 0 0
2019-05-06 17:10:21.754700|INFO    |PktHandler    |1  |Cleaning up connection because of 5 resends of COMMAND packet
2019-05-06 17:14:38.581657|INFO    |PktHandler    |1  |Dropping client 2 because of ping timeout 19 0 0
2019-05-08 06:06:18.617758|INFO    |PktHandler    |1  |Dropping client 3 because of ping timeout 19 0 0
2019-05-08 10:18:24.710969|INFO    |PktHandler    |1  |Dropping client 9 because of ping timeout 19 0 0
2019-05-08 11:58:39.948773|INFO    |PktHandler    |1  |Dropping client 10 because of ping timeout 19 0 0
2019-05-08 12:05:02.692760|INFO    |PktHandler    |1  |Dropping client 6 because of ping timeout 19 0 0
2019-05-08 12:16:35.092889|INFO    |PktHandler    |1  |Dropping client 9 because of ping timeout 19 0 0
2019-05-08 13:27:20.512489|INFO    |PktHandler    |1  |Dropping client 13 because of ping timeout 19 0 0
2019-05-08 13:57:16.215271|INFO    |PktHandler    |1  |Dropping client 17 because of ping timeout 19 0 0
2019-05-08 16:43:57.308803|INFO    |PktHandler    |1  |Cleaning up connection because of 7 resends of COMMAND packet
2019-05-08 16:55:54.614201|INFO    |PktHandler    |1  |Dropping client 10 because of ping timeout 19 0 0
2019-05-08 17:00:48.232370|INFO    |PktHandler    |1  |Dropping client 11 because of ping timeout 19 0 0
2019-05-08 17:01:51.365699|INFO    |PktHandler    |1  |Dropping client 13 because of ping timeout 19 0 0
2019-05-08 17:12:27.697318|INFO    |PktHandler    |1  |Dropping client 14 because of ping timeout 19 0 0
2019-05-08 19:49:51.600572|INFO    |PktHandler    |1  |Dropping client 15 because of ping timeout 19 0 0
2019-05-08 19:57:59.589473|INFO    |PktHandler    |1  |Dropping client 1 because of ping timeout 19 0 0
2019-05-09 07:27:30.370233|INFO    |PktHandler    |1  |Dropping client 3 because of ping timeout 19 0 0
2019-05-09 10:05:24.052018|INFO    |PktHandler    |1  |Dropping client 11 because of ping timeout 19 0 0
2019-05-09 10:48:26.398582|INFO    |PktHandler    |1  |Dropping client 16 because of ping timeout 19 0 0
2019-05-09 12:09:04.942975|INFO    |PktHandler    |1  |Cleaning up connection because of 8 resends of COMMAND packet
2019-05-09 16:09:31.966166|INFO    |PktHandler    |1  |Dropping client 5 because of ping timeout 19 0 0
2019-05-09 17:36:41.195552|INFO    |PktHandler    |1  |Dropping client 6 because of ping timeout 19 0 0
2019-05-09 18:47:58.191462|INFO    |VirtualServer |1  |client (id:7) was added to servergroup 'Antipass'(id:9) by client 'Poนด์'(id:7)
2019-05-09 18:48:02.953321|INFO    |VirtualServer |1  |client (id:516) was added to servergroup 'Antipass'(id:9) by client 'Poนด์'(id:7)
2019-05-09 18:50:09.434847|INFO    |VirtualServer |1  |client (id:7) was removed from servergroup 'Antipass'(id:9) by client 'Poนด์'(id:7)
2019-05-10 01:57:44.296833|INFO    |PktHandler    |1  |Dropping client 6 because of ping timeout 19 0 0
2019-05-10 01:58:26.790735|INFO    |PktHandler    |1  |Cleaning up connection because of 9 resends of COMMAND packet
2019-05-10 01:58:26.790856|INFO    |PktHandler    |1  |Dropping client 1 because of resend timeout
2019-05-10 08:11:13.127115|INFO    |PktHandler    |1  |Dropping client 13 because of ping timeout 19 0 0
2019-05-10 08:49:56.296404|INFO    |PktHandler    |1  |Cleaning up connection because of 9 resends of COMMAND packet
2019-05-10 08:55:08.485822|INFO    |PktHandler    |1  |Dropping client 15 because of ping timeout 19 0 0
2019-05-10 12:32:16.584727|INFO    |PktHandler    |1  |Dropping client 6 because of ping timeout 19 0 0
2019-05-10 12:58:24.812495|INFO    |PktHandler    |1  |Cleaning up connection because of 9 resends of COMMAND packet
2019-05-10 15:14:08.010932|INFO    |PktHandler    |1  |Dropping client 9 because of ping timeout 19 0 0
2019-05-10 15:28:39.335592|INFO    |PktHandler    |1  |Cleaning up connection because of 9 resends of COMMAND packet
2019-05-10 19:07:40.707624|INFO    |PktHandler    |1  |Dropping client 4 because of ping timeout 19 0 0
2019-05-10 21:42:49.367184|INFO    |PktHandler    |1  |Dropping client 18 because of ping timeout 19 0 0
2019-05-11 08:13:59.500449|INFO    |PktHandler    |1  |Cleaning up connection because of 9 resends of COMMAND packet
2019-05-11 08:40:58.957811|INFO    |PktHandler    |1  |Cleaning up connection because of 9 resends of COMMAND packet
2019-05-11 15:53:02.098580|INFO    |PktHandler    |1  |Cleaning up connection because of 9 resends of COMMAND packet
2019-05-11 16:01:58.719879|INFO    |PktHandler    |1  |Cleaning up connection because of 9 resends of COMMAND packet
2019-05-11 16:27:58.379496|INFO    |PktHandler    |1  |Cleaning up connection because of 9 resends of COMMAND packet
2019-05-11 17:35:40.974515|INFO    |PktHandler    |1  |Dropping client 8 because of ping timeout 19 0 0
2019-05-11 19:08:12.931439|INFO    |PktHandler    |1  |Dropping client 9 because of ping timeout 19 0 0
2019-05-12 08:10:18.777139|INFO    |PktHandler    |1  |Dropping client 2 because of ping timeout 19 0 0
2019-05-12 08:44:52.056591|INFO    |PktHandler    |1  |Dropping client 13 because of ping timeout 19 0 0
2019-05-12 10:50:51.710339|INFO    |PktHandler    |1  |Dropping client 18 because of ping timeout 19 0 0
2019-05-12 10:56:30.502186|INFO    |PktHandler    |1  |Dropping client 3 because of ping timeout 19 0 0
2019-05-12 12:00:26.127694|INFO    |PktHandler    |1  |Dropping client 10 because of ping timeout 19 0 0
2019-05-12 12:20:40.913561|INFO    |PktHandler    |1  |Dropping client 14 because of ping timeout 19 0 0
2019-05-12 12:42:12.754628|INFO    |PktHandler    |1  |Dropping client 4 because of ping timeout 19 0 0
2019-05-12 12:55:38.595108|INFO    |PktHandler    |1  |Dropping client 10 because of ping timeout 19 0 0
2019-05-12 19:08:45.840083|INFO    |PktHandler    |1  |Dropping client 15 because of ping timeout 19 0 0
2019-05-13 07:04:17.668752|INFO    |PktHandler    |1  |Dropping client 5 because of ping timeout 19 0 0
2019-05-13 07:04:17.669530|INFO    |PktHandler    |1  |Dropping client 6 because of ping timeout 19 0 0
2019-05-13 09:31:30.014475|INFO    |PktHandler    |1  |Cleaning up connection because of 13 resends of COMMAND packet
2019-05-13 09:31:30.014650|INFO    |PktHandler    |1  |Dropping client 15 because of resend timeout
2019-05-13 11:55:33.697545|INFO    |PktHandler    |1  |Dropping client 4 because of ping timeout 19 0 0
2019-05-13 14:36:25.905020|INFO    |PktHandler    |1  |Dropping client 10 because of ping timeout 19 0 0
2019-05-13 18:12:08.464631|INFO    |PktHandler    |1  |Dropping client 8 because of ping timeout 19 0 0
2019-05-13 19:15:34.339996|INFO    |PktHandler    |1  |Dropping client 15 because of ping timeout 19 0 0
2019-05-13 22:31:51.840291|INFO    |PktHandler    |1  |Dropping client 20 because of ping timeout 19 0 0
2019-05-13 22:34:19.162713|INFO    |PktHandler    |1  |Dropping client 3 because of ping timeout 19 0 0
2019-05-13 22:46:05.679469|INFO    |PktHandler    |1  |Dropping client 4 because of ping timeout 19 0 0
2019-05-14 03:42:07.927571|INFO    |PktHandler    |1  |Dropping client 5 because of ping timeout 19 0 0
2019-05-14 03:49:23.031719|INFO    |PktHandler    |1  |Dropping client 7 because of ping timeout 19 0 0
2019-05-14 11:02:56.760466|INFO    |PktHandler    |1  |Dropping client 7 because of ping timeout 19 0 0
2019-05-14 11:12:44.850617|INFO    |PktHandler    |1  |Cleaning up connection because of 8 resends of COMMAND packet
2019-05-14 13:07:17.721710|INFO    |PktHandler    |1  |Dropping client 15 because of ping timeout 19 0 0
2019-05-14 13:16:19.858525|INFO    |PktHandler    |1  |Cleaning up connection because of 9 resends of COMMAND packet
2019-05-14 13:54:17.153356|INFO    |PktHandler    |1  |Dropping client 21 because of ping timeout 19 0 0
2019-05-14 14:34:51.965378|INFO    |PktHandler    |1  |Cleaning up connection because of 9 resends of COMMAND packet
2019-05-14 16:41:05.471274|INFO    |PktHandler    |1  |Dropping client 10 because of ping timeout 19 0 0
2019-05-15 06:53:51.389782|INFO    |VirtualServer |1  |client (id:520) was added to servergroup 'Antipass'(id:9) by client 'Poนด์'(id:7)
2019-05-15 06:53:55.342430|INFO    |VirtualServer |1  |client (id:519) was added to servergroup 'Antipass'(id:9) by client 'Poนด์'(id:7)
2019-05-15 14:51:02.952171|INFO    |PktHandler    |1  |Cleaning up connection because of 6 resends of COMMAND packet
2019-05-15 17:47:05.454040|INFO    |PktHandler    |1  |Cleaning up connection because of 8 resends of COMMAND packet
2019-05-15 18:45:37.056412|INFO    |PktHandler    |1  |Cleaning up connection because of 9 resends of COMMAND packet
2019-05-15 19:10:21.965869|INFO    |PktHandler    |1  |Dropping client 3 because of ping timeout 19 0 0
2019-05-16 07:32:22.549253|INFO    |PktHandler    |1  |Dropping client 6 because of ping timeout 19 0 0
2019-05-16 10:53:00.867303|INFO    |PktHandler    |1  |Dropping client 16 because of ping timeout 19 0 0
2019-05-16 15:03:32.840790|INFO    |PktHandler    |1  |Dropping client 21 because of ping timeout 19 0 0
2019-05-16 17:39:59.173749|INFO    |PktHandler    |1  |Cleaning up connection because of 6 resends of COMMAND packet
2019-05-17 07:07:34.078549|INFO    |PktHandler    |1  |Cleaning up connection because of 7 resends of COMMAND packet
2019-05-17 12:43:38.429293|INFO    |PktHandler    |1  |Dropping client 7 because of ping timeout 19 0 0
2019-05-17 15:05:03.377378|INFO    |PktHandler    |1  |Cleaning up connection because of 8 resends of COMMAND packet
2019-05-17 15:35:34.707174|INFO    |PktHandler    |1  |Dropping client 1 because of ping timeout 19 0 0
2019-05-17 17:26:05.402567|INFO    |PktHandler    |1  |Cleaning up connection because of 13 resends of COMMAND packet
2019-05-17 17:26:05.402911|INFO    |PktHandler    |1  |Dropping client 23 because of resend timeout
2019-05-17 17:53:16.945560|INFO    |PktHandler    |1  |Cleaning up connection because of 6 resends of COMMAND packet
2019-05-17 19:11:25.445148|INFO    |PktHandler    |1  |Dropping client 5 because of ping timeout 19 0 0
2019-05-18 07:54:10.923564|INFO    |PktHandler    |1  |Dropping client 3 because of ping timeout 19 0 0
2019-05-18 07:56:48.277683|INFO    |PktHandler    |1  |Dropping client 10 because of ping timeout 19 0 0
2019-05-18 08:30:32.476778|INFO    |PktHandler    |1  |Dropping client 7 because of ping timeout 19 0 0
2019-05-18 17:06:03.461944|INFO    |PktHandler    |1  |Dropping client 7 because of ping timeout 19 0 0
2019-05-18 20:10:12.941758|INFO    |PktHandler    |1  |Dropping client 4 because of ping timeout 19 0 0
2019-05-19 07:09:02.821521|INFO    |PktHandler    |1  |Dropping client 6 because of ping timeout 19 0 0
2019-05-19 20:14:19.184661|INFO    |PktHandler    |1  |Dropping client 2 because of ping timeout 19 0 0
2019-05-20 08:13:25.804212|INFO    |PktHandler    |1  |Dropping client 4 because of ping timeout 19 0 0
2019-05-20 09:08:38.023880|INFO    |PktHandler    |1  |Dropping client 11 because of ping timeout 19 0 0
2019-05-20 10:18:01.464339|INFO    |PktHandler    |1  |Dropping client 9 because of ping timeout 19 0 0
2019-05-21 15:25:30.460638|INFO    |PktHandler    |1  |Dropping client 21 because of ping timeout 19 0 0
2019-05-21 23:34:29.629483|INFO    |PktHandler    |1  |Dropping client 6 because of ping timeout 19 0 0
2019-05-22 12:44:11.795743|INFO    |PktHandler    |1  |Dropping client 5 because of ping timeout 19 0 0
2019-05-22 15:45:11.814143|INFO    |PktHandler    |1  |Dropping client 4 because of ping timeout 19 0 0
2019-05-22 16:01:35.831852|INFO    |PktHandler    |1  |Dropping client 17 because of ping timeout 19 0 0
2019-05-23 04:20:43.374582|INFO    |PktHandler    |1  |Dropping client 4 because of ping timeout 19 0 0
2019-05-23 04:29:44.460821|INFO    |PktHandler    |1  |Cleaning up connection because of 9 resends of COMMAND packet
2019-05-23 05:23:33.942166|INFO    |PktHandler    |1  |Dropping client 12 because of ping timeout 19 0 0
2019-05-23 09:56:52.440883|INFO    |PktHandler    |1  |Dropping client 4 because of ping timeout 19 0 0
2019-05-23 12:14:24.011851|INFO    |PktHandler    |1  |Dropping client 2 because of ping timeout 19 0 0
2019-05-23 14:30:24.766289|INFO    |PktHandler    |1  |Dropping client 5 because of ping timeout 19 0 0
2019-05-23 16:14:50.436457|INFO    |PktHandler    |1  |Dropping client 17 because of ping timeout 19 0 0
2019-05-23 19:26:39.848577|INFO    |PktHandler    |1  |Dropping client 19 because of ping timeout 19 0 0
2019-05-24 06:55:49.121723|INFO    |PktHandler    |1  |Dropping client 9 because of ping timeout 19 0 0
2019-05-25 06:17:00.109298|INFO    |PktHandler    |1  |Dropping client 13 because of ping timeout 19 0 0
2019-05-25 06:52:25.950004|INFO    |PktHandler    |1  |Dropping client 11 because of ping timeout 19 0 0
2019-05-25 06:55:59.661772|INFO    |PktHandler    |1  |Cleaning up connection because of 13 resends of COMMAND packet
2019-05-25 06:55:59.661903|INFO    |PktHandler    |1  |Dropping client 8 because of resend timeout
2019-05-25 11:20:21.582141|INFO    |PktHandler    |1  |Dropping client 23 because of ping timeout 19 0 0
2019-05-25 12:22:07.828394|INFO    |PktHandler    |1  |Dropping client 2 because of ping timeout 19 0 0
2019-05-25 12:23:55.087451|INFO    |PktHandler    |1  |Cleaning up connection because of 7 resends of COMMAND packet
2019-05-25 12:23:55.087565|INFO    |PktHandler    |1  |Dropping client 3 because of resend timeout
2019-05-25 15:53:16.299117|INFO    |PktHandler    |1  |Dropping client 4 because of ping timeout 19 0 0
2019-05-27 07:47:10.981381|INFO    |PktHandler    |1  |Dropping client 10 because of ping timeout 19 0 0
2019-05-27 12:13:47.111531|INFO    |PktHandler    |1  |Dropping client 1 because of ping timeout 19 0 0
2019-05-27 16:36:21.172477|INFO    |PktHandler    |1  |Dropping client 18 because of ping timeout 19 0 0
2019-05-27 17:07:07.908769|INFO    |VirtualServer |1  |client (id:538) was added to servergroup 'Monkas'(id:6) by client 'Jom'(id:9)
2019-05-27 18:01:34.191567|INFO    |PktHandler    |1  |Dropping client 9 because of ping timeout 19 0 0
2019-05-28 07:20:48.583790|INFO    |PktHandler    |1  |Dropping client 4 because of ping timeout 19 0 0
2019-05-28 09:58:24.337042|INFO    |PktHandler    |1  |Dropping client 12 because of ping timeout 19 0 0
2019-05-28 10:28:05.774072|INFO    |VirtualServer |1  |client (id:519) was added to servergroup 'Monkas'(id:6) by client 'Merodachs'(id:14)
2019-05-28 11:15:47.311869|INFO    |PktHandler    |1  |Dropping client 16 because of ping timeout 19 0 0
2019-05-29 06:59:50.410954|INFO    |PktHandler    |1  |Dropping client 24 because of ping timeout 19 0 0
2019-05-29 07:05:40.208264|INFO    |PktHandler    |1  |Dropping client 7 because of ping timeout 19 0 0
2019-05-29 07:07:32.327089|INFO    |PktHandler    |1  |Cleaning up connection because of 13 resends of COMMAND packet
2019-05-29 07:07:32.327211|INFO    |PktHandler    |1  |Dropping client 9 because of resend timeout
2019-05-29 07:14:06.269866|INFO    |PktHandler    |1  |Dropping client 11 because of ping timeout 19 0 0
2019-05-29 07:18:24.831947|INFO    |PktHandler    |1  |Dropping client 12 because of ping timeout 19 0 0
2019-05-29 07:20:04.040504|INFO    |PktHandler    |1  |Dropping client 13 because of ping timeout 19 0 0
2019-05-29 07:28:41.161049|INFO    |PktHandler    |1  |Dropping client 14 because of ping timeout 19 0 0
2019-05-29 07:40:41.696883|INFO    |PktHandler    |1  |Dropping client 15 because of ping timeout 19 0 0
2019-05-29 07:42:06.892420|INFO    |PktHandler    |1  |Dropping client 16 because of ping timeout 19 0 0
2019-05-29 07:52:31.260245|INFO    |PktHandler    |1  |Dropping client 4 because of ping timeout 19 0 0
2019-05-29 08:25:18.663953|INFO    |PktHandler    |1  |Cleaning up connection because of 13 resends of COMMAND packet
2019-05-29 08:25:18.664152|INFO    |PktHandler    |1  |Dropping client 17 because of resend timeout
2019-05-29 08:37:41.243622|INFO    |PktHandler    |1  |Dropping client 19 because of ping timeout 19 0 0
2019-05-29 08:44:06.176419|INFO    |PktHandler    |1  |Dropping client 21 because of ping timeout 19 0 0
2019-05-29 09:02:51.741984|INFO    |PktHandler    |1  |Dropping client 23 because of ping timeout 19 0 0
2019-05-29 09:52:18.151522|INFO    |PktHandler    |1  |Dropping client 7 because of ping timeout 19 0 0
2019-05-29 10:01:29.383936|INFO    |PktHandler    |1  |Dropping client 9 because of ping timeout 19 0 0
2019-05-29 10:45:44.925975|INFO    |PktHandler    |1  |Dropping client 11 because of ping timeout 19 0 0
2019-05-29 10:56:45.292709|INFO    |PktHandler    |1  |Dropping client 13 because of ping timeout 19 0 0
2019-05-29 11:50:14.841388|INFO    |PktHandler    |1  |Dropping client 15 because of ping timeout 19 0 0
2019-05-29 12:55:13.258024|INFO    |PktHandler    |1  |Dropping client 16 because of ping timeout 19 0 0
2019-05-29 13:31:03.705708|INFO    |PktHandler    |1  |Dropping client 20 because of ping timeout 19 0 0
2019-05-29 14:02:08.791071|INFO    |PktHandler    |1  |Dropping client 24 because of ping timeout 19 0 0
2019-05-29 14:21:02.395590|INFO    |PktHandler    |1  |Dropping client 25 because of ping timeout 19 0 0
2019-05-29 16:03:19.813847|INFO    |PktHandler    |1  |Dropping client 27 because of ping timeout 19 0 0
2019-05-29 16:46:36.469393|INFO    |PktHandler    |1  |Dropping client 30 because of ping timeout 19 0 0
2019-05-29 16:49:47.899103|INFO    |PktHandler    |1  |Dropping client 31 because of ping timeout 19 0 0
2019-05-29 17:03:58.752943|INFO    |PktHandler    |1  |Dropping client 23 because of ping timeout 19 0 0
2019-05-29 17:09:00.418347|INFO    |PktHandler    |1  |Dropping client 32 because of ping timeout 19 0 0
2019-05-29 17:19:56.887817|INFO    |PktHandler    |1  |Dropping client 5 because of ping timeout 19 0 0
2019-05-29 18:06:16.118655|INFO    |PktHandler    |1  |Dropping client 7 because of ping timeout 19 0 0
2019-05-29 18:35:58.055939|INFO    |PktHandler    |1  |Dropping client 9 because of ping timeout 19 0 0
2019-05-29 18:46:15.391240|INFO    |PktHandler    |1  |Dropping client 10 because of ping timeout 19 0 0
2019-05-29 19:04:38.864187|INFO    |PktHandler    |1  |Dropping client 11 because of ping timeout 19 0 0
2019-05-29 19:53:00.461652|INFO    |PktHandler    |1  |Dropping client 12 because of ping timeout 19 0 0
2019-05-29 19:59:52.379346|INFO    |PktHandler    |1  |Dropping client 1 because of ping timeout 19 0 0
2019-05-29 20:26:15.991800|INFO    |PktHandler    |1  |Dropping client 2 because of ping timeout 19 0 0
2019-05-29 20:33:25.985483|INFO    |PktHandler    |1  |Dropping client 3 because of ping timeout 19 0 0
2019-05-29 20:49:43.184717|INFO    |PktHandler    |1  |Dropping client 4 because of ping timeout 19 0 0
2019-05-29 20:50:33.299009|INFO    |PktHandler    |1  |Dropping client 8 because of ping timeout 19 0 0
2019-05-29 21:06:22.412787|INFO    |PktHandler    |1  |Dropping client 5 because of ping timeout 19 0 0
2019-05-29 21:07:41.609792|INFO    |PktHandler    |1  |Dropping client 7 because of ping timeout 19 0 0
2019-05-30 06:36:10.764177|INFO    |PktHandler    |1  |Dropping client 8 because of ping timeout 19 0 0
2019-05-30 06:57:20.665278|INFO    |PktHandler    |1  |Dropping client 9 because of ping timeout 19 0 0
2019-05-30 07:06:39.958835|INFO    |PktHandler    |1  |Dropping client 10 because of ping timeout 19 0 0
2019-05-30 07:17:28.668802|INFO    |PktHandler    |1  |Dropping client 13 because of ping timeout 19 0 0
2019-05-30 09:05:11.853899|INFO    |PktHandler    |1  |Dropping client 15 because of ping timeout 19 0 0
2019-05-30 09:49:03.841031|INFO    |PktHandler    |1  |Dropping client 17 because of ping timeout 19 0 0
2019-05-30 09:49:33.513119|INFO    |PktHandler    |1  |Cleaning up connection because of 13 resends of COMMAND packet
2019-05-30 09:49:33.513237|INFO    |PktHandler    |1  |Dropping client 18 because of resend timeout
2019-05-30 10:12:16.277367|INFO    |PktHandler    |1  |Dropping client 5 because of ping timeout 19 0 0
2019-05-30 10:20:07.402625|INFO    |PktHandler    |1  |Dropping client 7 because of ping timeout 19 0 0
2019-05-30 10:22:38.771519|INFO    |PktHandler    |1  |Dropping client 8 because of ping timeout 19 0 0
2019-05-30 10:28:49.619479|INFO    |PktHandler    |1  |Dropping client 9 because of ping timeout 19 0 0
2019-05-30 10:57:37.694387|INFO    |PktHandler    |1  |Dropping client 10 because of ping timeout 19 0 0
2019-05-30 11:22:54.337520|INFO    |PktHandler    |1  |Dropping client 11 because of ping timeout 19 0 0
2019-05-30 11:37:24.502413|INFO    |PktHandler    |1  |Dropping client 12 because of ping timeout 19 0 0
2019-05-30 11:46:25.712867|INFO    |PktHandler    |1  |Dropping client 13 because of ping timeout 19 0 0
2019-05-30 11:47:42.916583|INFO    |PktHandler    |1  |Dropping client 14 because of ping timeout 19 0 0
2019-05-30 11:55:03.966603|INFO    |PktHandler    |1  |Dropping client 15 because of ping timeout 19 0 0
2019-05-30 12:08:04.912926|INFO    |PktHandler    |1  |Dropping client 17 because of ping timeout 19 0 0
2019-05-30 12:21:04.743554|INFO    |PktHandler    |1  |Dropping client 18 because of ping timeout 19 0 0
2019-05-30 12:28:53.892908|INFO    |PktHandler    |1  |Dropping client 19 because of ping timeout 19 0 0
2019-05-30 13:32:31.123514|INFO    |PktHandler    |1  |Dropping client 20 because of ping timeout 19 0 0
2019-05-30 13:41:13.371794|INFO    |PktHandler    |1  |Dropping client 5 because of ping timeout 19 0 0
2019-05-30 13:43:02.637337|INFO    |PktHandler    |1  |Dropping client 8 because of ping timeout 19 0 0
2019-05-30 16:52:14.024368|INFO    |PktHandler    |1  |Dropping client 9 because of ping timeout 19 0 0
2019-05-30 17:07:14.441147|INFO    |PktHandler    |1  |Dropping client 6 because of ping timeout 19 0 0
2019-05-30 17:20:54.459151|INFO    |PktHandler    |1  |Dropping client 10 because of ping timeout 19 0 0
2019-05-30 17:24:10.927689|INFO    |PktHandler    |1  |Dropping client 12 because of ping timeout 19 0 0
2019-05-30 17:52:16.992568|INFO    |PktHandler    |1  |Dropping client 13 because of ping timeout 19 0 0
2019-05-30 18:02:13.476880|INFO    |PktHandler    |1  |Dropping client 15 because of ping timeout 19 0 0
2019-05-30 18:07:39.237143|INFO    |PktHandler    |1  |Dropping client 1 because of ping timeout 19 0 0
2019-05-30 18:08:58.418958|INFO    |PktHandler    |1  |Dropping client 2 because of ping timeout 19 0 0
2019-05-30 18:10:27.615439|INFO    |PktHandler    |1  |Dropping client 3 because of ping timeout 19 0 0
2019-05-30 18:11:58.847221|INFO    |PktHandler    |1  |Dropping client 5 because of ping timeout 19 0 0
2019-05-30 18:26:56.972783|INFO    |PktHandler    |1  |Dropping client 6 because of ping timeout 19 0 0
2019-05-30 18:30:02.442071|INFO    |PktHandler    |1  |Dropping client 7 because of ping timeout 19 0 0
2019-05-30 18:31:08.594156|INFO    |PktHandler    |1  |Dropping client 8 because of ping timeout 19 0 0
2019-05-30 18:32:31.788360|INFO    |PktHandler    |1  |Dropping client 9 because of ping timeout 19 0 0
2019-05-30 18:34:34.079806|INFO    |PktHandler    |1  |Dropping client 10 because of ping timeout 19 0 0
2019-05-30 18:36:44.388259|INFO    |PktHandler    |1  |Dropping client 12 because of ping timeout 19 0 0
2019-05-30 18:45:05.570091|INFO    |PktHandler    |1  |Dropping client 13 because of ping timeout 19 0 0
2019-05-30 18:56:56.222110|INFO    |PktHandler    |1  |Dropping client 15 because of ping timeout 19 0 0
2019-05-30 19:37:46.980556|INFO    |PktHandler    |1  |Dropping client 1 because of ping timeout 19 0 0
2019-05-30 20:00:27.163343|INFO    |PktHandler    |1  |Dropping client 2 because of ping timeout 19 0 0
2019-05-30 20:18:01.654218|INFO    |PktHandler    |1  |Dropping client 3 because of ping timeout 19 0 0
2019-05-30 20:32:56.661854|INFO    |PktHandler    |1  |Dropping client 5 because of ping timeout 19 0 0
2019-05-30 20:41:12.713391|INFO    |PktHandler    |1  |Dropping client 6 because of ping timeout 19 0 0
2019-05-30 21:24:10.918141|INFO    |PktHandler    |1  |Dropping client 7 because of ping timeout 19 0 0
2019-05-30 23:01:18.354449|INFO    |PktHandler    |1  |Dropping client 8 because of ping timeout 19 0 0
2019-05-30 23:04:20.750746|INFO    |PktHandler    |1  |Dropping client 9 because of ping timeout 19 0 0
2019-05-30 23:22:55.304176|INFO    |PktHandler    |1  |Dropping client 10 because of ping timeout 19 0 0
2019-05-30 23:39:44.685257|INFO    |PktHandler    |1  |Dropping client 1 because of ping timeout 19 0 0
2019-05-30 23:45:12.408974|INFO    |PktHandler    |1  |Dropping client 2 because of ping timeout 19 0 0
2019-05-30 23:47:00.686750|INFO    |PktHandler    |1  |Dropping client 3 because of ping timeout 19 0 0
2019-05-30 23:47:58.816110|INFO    |PktHandler    |1  |Dropping client 4 because of ping timeout 19 0 0
2019-05-30 23:48:56.934369|INFO    |PktHandler    |1  |Dropping client 5 because of ping timeout 19 0 0
2019-05-30 23:51:18.282721|INFO    |PktHandler    |1  |Dropping client 6 because of ping timeout 19 0 0
2019-05-31 01:19:58.464115|INFO    |PktHandler    |1  |Dropping client 7 because of ping timeout 19 0 0
2019-05-31 01:52:12.958768|INFO    |PktHandler    |1  |Dropping client 8 because of ping timeout 19 0 0
2019-05-31 01:55:23.416335|INFO    |PktHandler    |1  |Dropping client 9 because of ping timeout 19 0 0
2019-05-31 02:39:11.626663|INFO    |PktHandler    |1  |Dropping client 10 because of ping timeout 19 0 0
2019-05-31 02:51:31.297945|INFO    |PktHandler    |1  |Dropping client 1 because of ping timeout 19 0 0
2019-05-31 03:41:54.276855|INFO    |PktHandler    |1  |Dropping client 2 because of ping timeout 19 0 0
2019-05-31 03:52:08.781349|INFO    |PktHandler    |1  |Dropping client 3 because of ping timeout 19 0 0
2019-05-31 03:56:58.455020|INFO    |PktHandler    |1  |Dropping client 4 because of ping timeout 19 0 0
2019-05-31 04:04:34.613122|INFO    |PktHandler    |1  |Dropping client 5 because of ping timeout 19 0 0
2019-05-31 04:06:13.876132|INFO    |PktHandler    |1  |Dropping client 6 because of ping timeout 19 0 0
2019-05-31 04:08:55.282240|INFO    |PktHandler    |1  |Dropping client 8 because of ping timeout 19 0 0
2019-05-31 04:14:58.180929|INFO    |PktHandler    |1  |Dropping client 9 because of ping timeout 19 0 0
2019-05-31 05:34:56.603885|INFO    |PktHandler    |1  |Dropping client 2 because of ping timeout 19 0 0
2019-05-31 05:41:01.522020|INFO    |PktHandler    |1  |Dropping client 5 because of ping timeout 19 0 0
2019-05-31 05:42:39.788000|INFO    |PktHandler    |1  |Dropping client 6 because of ping timeout 19 0 0
2019-05-31 05:46:22.298059|INFO    |PktHandler    |1  |Dropping client 8 because of ping timeout 19 0 0
2019-05-31 06:53:55.748444|INFO    |PktHandler    |1  |Dropping client 9 because of ping timeout 19 0 0
2019-05-31 07:08:40.955762|INFO    |PktHandler    |1  |Dropping client 15 because of ping timeout 19 0 0
2019-05-31 07:24:14.326263|INFO    |PktHandler    |1  |Dropping client 16 because of ping timeout 19 0 0
2019-05-31 07:40:03.647072|INFO    |PktHandler    |1  |Dropping client 17 because of ping timeout 19 0 0
2019-05-31 07:56:59.106125|INFO    |PktHandler    |1  |Dropping client 10 because of ping timeout 19 0 0
2019-05-31 09:03:28.314832|INFO    |PktHandler    |1  |Dropping client 4 because of ping timeout 19 0 0
2019-05-31 09:14:36.884647|INFO    |PktHandler    |1  |Dropping client 18 because of ping timeout 19 0 0
2019-05-31 09:18:28.413019|INFO    |PktHandler    |1  |Dropping client 2 because of ping timeout 19 0 0
2019-05-31 09:26:41.526149|INFO    |PktHandler    |1  |Dropping client 4 because of ping timeout 19 0 0
2019-05-31 09:44:07.978990|INFO    |PktHandler    |1  |Dropping client 5 because of ping timeout 19 0 0
2019-05-31 12:24:44.291866|INFO    |PktHandler    |1  |Dropping client 6 because of ping timeout 19 0 0
2019-05-31 12:36:10.941013|INFO    |PktHandler    |1  |Dropping client 10 because of ping timeout 19 0 0
2019-05-31 12:54:32.396787|INFO    |PktHandler    |1  |Dropping client 11 because of ping timeout 19 0 0
2019-05-31 13:46:38.225366|INFO    |PktHandler    |1  |Cleaning up connection because of 8 resends of COMMAND packet
2019-05-31 15:32:39.297301|INFO    |PktHandler    |1  |Dropping client 21 because of ping timeout 19 0 0
2019-05-31 17:34:36.177627|INFO    |PktHandler    |1  |Cleaning up connection because of 7 resends of COMMAND packet
2019-05-31 17:53:59.278570|INFO    |PktHandler    |1  |Dropping client 9 because of ping timeout 19 0 0
2019-05-31 17:55:18.455865|INFO    |PktHandler    |1  |Dropping client 2 because of ping timeout 19 0 0
2019-05-31 18:35:19.837974|INFO    |PktHandler    |1  |Dropping client 15 because of ping timeout 19 0 0
2019-06-01 06:50:53.469833|INFO    |PktHandler    |1  |Dropping client 6 because of ping timeout 19 0 0
2019-06-01 10:14:37.324736|INFO    |VirtualServer |1  |client (id:541) was added to servergroup 'Antipass'(id:9) by client 'Poนด์'(id:7)
2019-06-01 13:01:15.974588|INFO    |PktHandler    |1  |Dropping client 10 because of ping timeout 19 0 0
2019-06-01 13:02:45.195625|INFO    |PktHandler    |1  |Dropping client 21 because of ping timeout 19 0 0
2019-06-01 13:05:11.529135|INFO    |PktHandler    |1  |Dropping client 22 because of ping timeout 19 0 0
2019-06-01 13:08:24.957785|INFO    |PktHandler    |1  |Dropping client 23 because of ping timeout 19 0 0
2019-06-01 13:30:21.086402|INFO    |PktHandler    |1  |Dropping client 24 because of ping timeout 19 0 0
2019-06-01 13:40:56.680947|INFO    |PktHandler    |1  |Dropping client 25 because of ping timeout 19 0 0
2019-06-01 13:59:09.466178|INFO    |PktHandler    |1  |Cleaning up connection because of 14 resends of COMMAND packet
2019-06-01 13:59:09.466468|INFO    |PktHandler    |1  |Dropping client 20 because of resend timeout
2019-06-02 01:47:52.075988|INFO    |PktHandler    |1  |Dropping client 1 because of ping timeout 19 0 0
2019-06-02 03:01:40.983824|INFO    |PktHandler    |1  |Dropping client 3 because of ping timeout 19 0 0
2019-06-02 03:15:30.880803|INFO    |PktHandler    |1  |Dropping client 4 because of ping timeout 19 0 0
2019-06-02 03:23:06.889753|INFO    |PktHandler    |1  |Dropping client 5 because of ping timeout 19 0 0
2019-06-02 03:48:41.390855|INFO    |PktHandler    |1  |Dropping client 6 because of ping timeout 19 0 0
2019-06-02 03:50:56.821903|INFO    |PktHandler    |1  |Dropping client 7 because of ping timeout 19 0 0
2019-06-02 05:12:56.733818|INFO    |PktHandler    |1  |Dropping client 8 because of ping timeout 19 0 0
2019-06-02 06:30:32.943005|INFO    |PktHandler    |1  |Dropping client 3 because of ping timeout 19 0 0
2019-06-02 06:32:42.252068|INFO    |PktHandler    |1  |Dropping client 7 because of ping timeout 19 0 0
2019-06-02 06:50:05.636904|INFO    |PktHandler    |1  |Dropping client 8 because of ping timeout 19 0 0
2019-06-02 08:14:07.260333|INFO    |PktHandler    |1  |Dropping client 12 because of ping timeout 19 0 0
2019-06-02 09:04:32.153249|INFO    |PktHandler    |1  |Dropping client 4 because of ping timeout 19 0 0
2019-06-02 14:19:23.710361|INFO    |PktHandler    |1  |Dropping client 20 because of ping timeout 19 0 0
2019-06-02 15:11:10.046334|INFO    |PktHandler    |1  |Dropping client 21 because of ping timeout 19 0 0
2019-06-02 19:24:36.338977|INFO    |PktHandler    |1  |Dropping client 13 because of ping timeout 19 0 0
2019-06-03 14:33:16.873452|INFO    |PktHandler    |1  |Dropping client 17 because of ping timeout 19 0 0
2019-06-03 16:20:43.708370|INFO    |PktHandler    |1  |Dropping client 11 because of ping timeout 19 0 0
2019-06-03 16:21:30.809845|INFO    |PktHandler    |1  |Dropping client 8 because of ping timeout 19 0 0
2019-06-03 16:27:37.642394|INFO    |PktHandler    |1  |Dropping client 12 because of ping timeout 19 0 0
2019-06-03 16:38:17.079443|INFO    |PktHandler    |1  |Dropping client 13 because of ping timeout 19 0 0
2019-06-03 16:40:08.338552|INFO    |PktHandler    |1  |Dropping client 14 because of ping timeout 19 0 0
2019-06-03 16:46:19.179737|INFO    |PktHandler    |1  |Dropping client 1 because of ping timeout 19 0 0
2019-06-04 09:13:25.697544|INFO    |PktHandler    |1  |Dropping client 11 because of ping timeout 19 0 0
2019-06-04 12:23:40.783976|INFO    |PktHandler    |1  |Dropping client 7 because of ping timeout 19 0 0
2019-06-04 15:09:49.449313|INFO    |PktHandler    |1  |Cleaning up connection because of 13 resends of COMMAND packet
2019-06-04 15:09:49.449529|INFO    |PktHandler    |1  |Dropping client 10 because of resend timeout
2019-06-04 17:29:46.699672|INFO    |PktHandler    |1  |Dropping client 2 because of ping timeout 19 0 0
2019-06-05 05:16:00.548791|INFO    |PktHandler    |1  |Dropping client 6 because of ping timeout 19 0 0
2019-06-05 09:10:57.669206|INFO    |VirtualServer |1  |client (id:542) was added to servergroup 'Antipass'(id:9) by client 'Poนด์'(id:7)
2019-06-05 09:11:17.617757|INFO    |VirtualServer |1  |client (id:542) was added to servergroup 'God'(id:10) by client 'Poนด์'(id:7)
2019-06-05 09:11:22.719548|INFO    |VirtualServer |1  |client (id:542) was added to servergroup 'Monkas'(id:6) by client 'Poนด์'(id:7)
2019-06-05 09:11:26.179838|INFO    |VirtualServer |1  |client (id:542) was removed from servergroup 'Antipass'(id:9) by client 'Poนด์'(id:7)
2019-06-05 12:32:15.720980|INFO    |VirtualServer |1  |client (id:543) was added to servergroup 'Monkas'(id:6) by client 'MuffinnnZzzz'(id:542)
2019-06-05 16:40:56.581399|INFO    |PktHandler    |1  |Dropping client 3 because of ping timeout 19 0 0
2019-06-05 19:21:37.207771|INFO    |PktHandler    |1  |Dropping client 5 because of ping timeout 19 0 0
2019-06-06 10:51:04.729105|INFO    |PktHandler    |1  |Dropping client 23 because of ping timeout 19 0 0
2019-06-06 10:53:09.021627|INFO    |PktHandler    |1  |Dropping client 13 because of ping timeout 19 0 0
2019-06-06 10:54:37.226053|INFO    |PktHandler    |1  |Dropping client 14 because of ping timeout 19 0 0
2019-06-06 10:57:56.724423|INFO    |PktHandler    |1  |Dropping client 15 because of ping timeout 19 0 0
2019-06-06 12:49:38.528458|INFO    |PktHandler    |1  |Dropping client 16 because of ping timeout 19 0 0
2019-06-06 12:56:46.496115|INFO    |PktHandler    |1  |Dropping client 17 because of ping timeout 19 0 0
2019-06-06 14:41:42.377230|INFO    |PktHandler    |1  |Dropping client 18 because of ping timeout 19 0 0
2019-06-06 14:46:12.091192|INFO    |PktHandler    |1  |Dropping client 27 because of ping timeout 19 0 0
2019-06-06 15:08:05.898745|INFO    |PktHandler    |1  |Dropping client 4 because of ping timeout 19 0 0
2019-06-06 15:27:20.528951|INFO    |PktHandler    |1  |Dropping client 28 because of ping timeout 19 0 0
2019-06-06 17:26:28.405735|INFO    |PktHandler    |1  |Dropping client 1 because of ping timeout 19 0 0
2019-06-06 17:28:57.723324|INFO    |PktHandler    |1  |Dropping client 8 because of ping timeout 19 0 0
2019-06-06 17:34:46.495155|INFO    |PktHandler    |1  |Dropping client 9 because of ping timeout 19 0 0
2019-06-06 17:39:46.155080|INFO    |PktHandler    |1  |Dropping client 12 because of ping timeout 19 0 0
2019-06-06 17:48:12.243700|INFO    |PktHandler    |1  |Dropping client 13 because of ping timeout 19 0 0
2019-06-06 20:57:22.011693|INFO    |PktHandler    |1  |Dropping client 29 because of ping timeout 19 0 0
2019-06-07 03:21:14.684139|INFO    |PktHandler    |1  |Dropping client 14 because of ping timeout 19 0 0
2019-06-07 03:57:49.774447|INFO    |PktHandler    |1  |Dropping client 3 because of ping timeout 19 0 0
2019-06-07 04:44:25.470800|INFO    |PktHandler    |1  |Dropping client 5 because of ping timeout 19 0 0
2019-06-07 04:51:59.563707|INFO    |PktHandler    |1  |Dropping client 4 because of ping timeout 19 0 0
2019-06-07 05:12:04.267902|INFO    |PktHandler    |1  |Dropping client 2 because of ping timeout 19 0 0
2019-06-07 05:21:31.632212|INFO    |PktHandler    |1  |Dropping client 9 because of ping timeout 19 0 0
2019-06-07 07:41:53.472092|INFO    |PktHandler    |1  |Dropping client 11 because of ping timeout 19 0 0
2019-06-07 09:34:12.137202|INFO    |PktHandler    |1  |Dropping client 13 because of ping timeout 19 0 0
2019-06-07 11:11:26.509176|INFO    |PktHandler    |1  |Dropping client 20 because of ping timeout 19 0 0
2019-06-07 19:29:35.326382|INFO    |PktHandler    |1  |Dropping client 19 because of ping timeout 19 0 0
2019-06-07 19:38:04.184895|INFO    |VirtualServer |1  |client (id:527) was added to servergroup 'Antipass'(id:9) by client 'MuffinnnZzzz'(id:542)
2019-06-08 03:56:31.559541|INFO    |PktHandler    |1  |Dropping client 1 because of ping timeout 19 0 0
2019-06-08 07:22:36.606915|INFO    |PktHandler    |1  |Cleaning up connection because of 5 resends of COMMAND packet
2019-06-08 07:22:36.744358|INFO    |PktHandler    |1  |Dropping client 6 because of resend timeout
2019-06-08 09:11:12.185115|INFO    |VirtualServer |1  |client (id:9) was removed from servergroup 'Monkas'(id:6) by client 'Ford'(id:454)
2019-06-08 09:11:34.715508|INFO    |VirtualServer |1  |client (id:9) was added to servergroup 'Monkas'(id:6) by client 'Ford'(id:454)
2019-06-08 09:48:13.283784|INFO    |PktHandler    |1  |Dropping client 3 because of ping timeout 19 0 0
2019-06-09 08:32:39.022437|INFO    |PktHandler    |1  |Dropping client 8 because of ping timeout 19 0 0
2019-06-09 09:38:18.685395|INFO    |PktHandler    |1  |Dropping client 12 because of ping timeout 19 0 0
2019-06-09 15:24:13.448442|INFO    |PktHandler    |1  |Cleaning up connection because of 2 resends of COMMAND packet
2019-06-09 15:24:13.448554|INFO    |PktHandler    |1  |Dropping client 22 because of resend timeout
2019-06-09 17:08:31.307288|INFO    |PktHandler    |1  |Dropping client 19 because of ping timeout 19 0 0
2019-06-09 21:07:02.207810|INFO    |PktHandler    |1  |Dropping client 18 because of ping timeout 19 0 0
2019-06-10 06:20:47.232299|INFO    |PktHandler    |1  |Dropping client 7 because of ping timeout 19 0 0
2019-06-11 13:24:12.026941|INFO    |PktHandler    |1  |Dropping client 15 because of ping timeout 19 0 0
2019-06-11 15:49:34.071788|INFO    |PktHandler    |1  |Dropping client 20 because of ping timeout 19 0 0
2019-06-11 16:08:05.169231|INFO    |VirtualServer |1  |client (id:544) was added to servergroup 'Antipass'(id:9) by client 'Poนด์'(id:7)
2019-06-11 16:22:39.287815|INFO    |PktHandler    |1  |Dropping client 21 because of ping timeout 19 0 0
2019-06-12 06:09:05.905044|INFO    |PktHandler    |1  |Dropping client 4 because of ping timeout 19 0 0
2019-06-12 13:37:24.001786|INFO    |PktHandler    |1  |Cleaning up connection because of 5 resends of COMMAND packet
2019-06-12 15:00:44.542423|INFO    |PktHandler    |1  |Cleaning up connection because of 8 resends of COMMAND packet
2019-06-12 15:13:44.848670|INFO    |PktHandler    |1  |Dropping client 20 because of ping timeout 19 0 0
2019-06-13 08:14:31.454259|INFO    |PktHandler    |1  |Dropping client 10 because of ping timeout 19 0 0
2019-06-13 08:17:17.824826|INFO    |PktHandler    |1  |Dropping client 11 because of ping timeout 19 0 0
2019-06-13 08:17:18.827544|INFO    |PktHandler    |1  |Dropping client 8 because of ping timeout 19 0 0
2019-06-13 15:21:10.694547|INFO    |PktHandler    |1  |Cleaning up connection because of 9 resends of COMMAND packet
2019-06-13 21:45:53.345329|INFO    |PktHandler    |1  |Dropping client 12 because of ping timeout 19 0 0
2019-06-13 21:51:15.057299|INFO    |PktHandler    |1  |Dropping client 1 because of ping timeout 19 0 0
2019-06-14 03:44:04.051909|INFO    |PktHandler    |1  |Dropping client 2 because of ping timeout 19 0 0
2019-06-14 06:20:54.960276|INFO    |PktHandler    |1  |Dropping client 9 because of ping timeout 19 0 0
2019-06-14 10:03:31.579882|INFO    |VirtualServer |1  |client (id:548) was added to servergroup 'Monkas'(id:6) by client 'MuffinnnZzzz'(id:542)
2019-06-14 12:36:19.059636|INFO    |PktHandler    |1  |Dropping client 9 because of ping timeout 19 0 0
2019-06-14 12:38:18.721656|INFO    |VirtualServer |1  |client (id:545) was added to servergroup 'Antipass'(id:9) by client 'Lüthièn'(id:16)
2019-06-14 12:38:22.315422|INFO    |VirtualServer |1  |client (id:547) was added to servergroup 'Antipass'(id:9) by client 'Lüthièn'(id:16)
2019-06-14 14:44:53.904645|INFO    |VirtualServer |1  |client (id:40) was removed from servergroup 'Monkas'(id:6) by client 'Ford'(id:454)
2019-06-14 14:45:04.547309|INFO    |VirtualServer |1  |client (id:40) was added to servergroup 'Monkas'(id:6) by client 'Ford'(id:454)
2019-06-14 17:37:22.427339|INFO    |PktHandler    |1  |Dropping client 11 because of ping timeout 19 0 0
2019-06-14 20:11:45.551251|INFO    |PktHandler    |1  |Dropping client 13 because of ping timeout 19 0 0
2019-06-15 05:14:50.883266|INFO    |PktHandler    |1  |Dropping client 7 because of ping timeout 19 0 0
2019-06-15 06:15:50.066209|INFO    |PktHandler    |1  |Dropping client 22 because of ping timeout 19 0 0
2019-06-15 07:08:38.224404|INFO    |PktHandler    |1  |Dropping client 12 because of ping timeout 19 0 0
2019-06-15 12:12:35.975875|INFO    |PktHandler    |1  |Dropping client 6 because of ping timeout 19 0 0
2019-06-15 12:15:27.411942|INFO    |PktHandler    |1  |Dropping client 19 because of ping timeout 19 0 0
2019-06-15 14:39:48.172170|INFO    |PktHandler    |1  |Dropping client 22 because of ping timeout 19 0 0
2019-06-15 17:34:21.408893|INFO    |PktHandler    |1  |Dropping client 3 because of ping timeout 19 0 0
2019-06-16 06:46:48.569486|INFO    |PktHandler    |1  |Cleaning up connection because of 2 resends of COMMAND packet
2019-06-16 06:46:48.591553|INFO    |PktHandler    |1  |Dropping client 10 because of resend timeout
2019-06-16 07:23:06.732588|INFO    |PktHandler    |1  |Dropping client 6 because of ping timeout 19 0 0
2019-06-16 08:34:24.416070|INFO    |PktHandler    |1  |Dropping client 1 because of ping timeout 19 0 0
2019-06-16 09:51:14.826828|INFO    |PktHandler    |1  |Dropping client 2 because of ping timeout 19 0 0
2019-06-16 14:46:37.913625|INFO    |PktHandler    |1  |Dropping client 7 because of ping timeout 19 0 0
2019-06-16 16:15:04.307434|INFO    |PktHandler    |1  |Dropping client 5 because of ping timeout 19 0 0
2019-06-16 16:15:28.157843|INFO    |VirtualServer |1  |client (id:553) was added to servergroup 'Antipass'(id:9) by client 'Poนด์'(id:7)
2019-06-17 06:15:40.653860|INFO    |PktHandler    |1  |Dropping client 16 because of ping timeout 19 0 0
2019-06-17 07:01:39.095265|INFO    |PktHandler    |1  |Dropping client 2 because of ping timeout 19 0 0
2019-06-18 06:15:52.062161|INFO    |PktHandler    |1  |Dropping client 6 because of ping timeout 19 0 0
2019-06-18 12:42:47.911045|INFO    |PktHandler    |1  |Dropping client 9 because of ping timeout 19 0 0
2019-06-18 12:43:59.074238|INFO    |PktHandler    |1  |Dropping client 12 because of ping timeout 19 0 0
2019-06-19 06:50:42.999804|INFO    |PktHandler    |1  |Dropping client 6 because of ping timeout 19 0 0
2019-06-20 06:50:54.365833|INFO    |PktHandler    |1  |Dropping client 8 because of ping timeout 19 0 0
2019-06-20 16:00:43.223858|INFO    |PktHandler    |1  |Dropping client 4 because of ping timeout 19 0 0
2019-06-21 05:20:50.979233|INFO    |PktHandler    |1  |Dropping client 7 because of ping timeout 19 0 0
2019-06-21 10:31:05.168254|INFO    |PktHandler    |1  |Dropping client 4 because of ping timeout 19 0 0
2019-06-21 11:43:53.392086|INFO    |VirtualServer |1  |client (id:555) was added to servergroup 'Monkas'(id:6) by client 'Poนด์'(id:7)
2019-06-21 15:22:47.778217|INFO    |PktHandler    |1  |Dropping client 1 because of ping timeout 19 0 0
2019-06-21 18:49:26.800734|INFO    |PktHandler    |1  |Dropping client 7 because of ping timeout 19 0 0
2019-06-22 03:08:09.291033|INFO    |PktHandler    |1  |Dropping client 7 because of ping timeout 19 0 0
2019-06-22 06:49:33.669743|INFO    |PktHandler    |1  |Dropping client 10 because of ping timeout 19 0 0
2019-06-22 09:45:27.698089|INFO    |PktHandler    |1  |Dropping client 4 because of ping timeout 19 0 0
2019-06-22 15:00:57.736595|INFO    |PktHandler    |1  |Dropping client 15 because of ping timeout 19 0 0
2019-06-22 21:54:02.495180|INFO    |PktHandler    |1  |Dropping client 3 because of ping timeout 19 0 0
2019-06-23 05:31:31.304994|INFO    |PktHandler    |1  |Dropping client 4 because of ping timeout 19 0 0
2019-06-23 10:52:39.084124|INFO    |PktHandler    |1  |Dropping client 6 because of ping timeout 19 0 0
2019-06-23 14:35:11.106411|INFO    |PktHandler    |1  |Dropping client 5 because of ping timeout 19 0 0
2019-06-23 16:44:50.429138|INFO    |VirtualServer |1  |client (id:556) was added to servergroup 'Antipass'(id:9) by client 'MuffinnnZzzz'(id:542)
2019-06-23 18:35:57.202100|INFO    |VirtualServer |1  |client (id:557) was added to servergroup 'Antipass'(id:9) by client 'MuffinnnZzzz'(id:542)
2019-06-24 07:11:06.444884|INFO    |PktHandler    |1  |Dropping client 2 because of ping timeout 19 0 0
2019-06-24 08:54:08.357048|INFO    |PktHandler    |1  |Dropping client 6 because of ping timeout 19 0 0
2019-06-24 11:01:34.734501|INFO    |PktHandler    |1  |Dropping client 12 because of ping timeout 19 0 0
2019-06-24 12:01:51.543481|INFO    |PktHandler    |1  |Dropping client 11 because of ping timeout 19 0 0
2019-06-24 12:15:36.441247|INFO    |PktHandler    |1  |Dropping client 9 because of ping timeout 19 0 0
2019-06-24 14:05:53.810432|INFO    |PktHandler    |1  |Dropping client 5 because of ping timeout 19 0 0
2019-06-24 14:40:20.067729|INFO    |PktHandler    |1  |Dropping client 10 because of ping timeout 19 0 0
2019-06-25 07:11:17.878125|INFO    |PktHandler    |1  |Dropping client 3 because of ping timeout 19 0 0
2019-06-25 13:42:14.075431|INFO    |PktHandler    |1  |Dropping client 16 because of ping timeout 19 0 0
2019-06-25 17:35:00.983697|INFO    |PktHandler    |1  |Dropping client 12 because of ping timeout 19 0 0
2019-06-26 07:44:57.355922|INFO    |PktHandler    |1  |Dropping client 9 because of ping timeout 19 0 0
2019-06-26 07:46:12.533450|INFO    |PktHandler    |1  |Dropping client 13 because of ping timeout 19 0 0
2019-06-26 13:32:29.852558|INFO    |PktHandler    |1  |Dropping client 13 because of ping timeout 19 0 0
2019-06-26 14:18:49.769473|INFO    |PktHandler    |1  |Dropping client 15 because of ping timeout 19 0 0
2019-06-26 15:53:38.593763|INFO    |PktHandler    |1  |Dropping client 1 because of ping timeout 19 0 0
2019-06-26 23:23:20.441700|INFO    |PktHandler    |1  |Dropping client 2 because of ping timeout 19 0 0
2019-06-27 07:42:35.177333|INFO    |PktHandler    |1  |Cleaning up connection because of 9 resends of COMMAND packet
2019-06-27 09:04:58.043608|INFO    |PktHandler    |1  |Dropping client 9 because of ping timeout 19 0 0
2019-06-27 13:22:51.499837|INFO    |PktHandler    |1  |Cleaning up connection because of 9 resends of COMMAND packet
2019-06-27 13:22:51.500052|INFO    |PktHandler    |1  |Dropping client 9 because of resend timeout
2019-06-27 14:34:40.391154|INFO    |PktHandler    |1  |Dropping client 23 because of ping timeout 19 0 0
2019-06-27 23:09:24.278594|INFO    |PktHandler    |1  |Dropping client 7 because of ping timeout 19 0 0
2019-06-28 12:21:30.621120|INFO    |VirtualServer |1  |client (id:561) was added to servergroup 'Antipass'(id:9) by client 'MuffinnnZzzz'(id:542)
2019-06-28 13:50:35.664291|INFO    |PktHandler    |1  |Dropping client 13 because of ping timeout 19 0 0
2019-06-29 08:06:54.700883|INFO    |PktHandler    |1  |Dropping client 7 because of ping timeout 19 0 0
2019-06-29 08:10:42.178361|INFO    |PktHandler    |1  |Dropping client 13 because of ping timeout 19 0 0
2019-06-29 09:20:40.685372|INFO    |PktHandler    |1  |Dropping client 8 because of ping timeout 19 0 0
2019-06-29 11:52:41.858374|INFO    |PktHandler    |1  |Dropping client 20 because of ping timeout 19 0 0
2019-06-29 11:56:39.309440|INFO    |PktHandler    |1  |Dropping client 24 because of ping timeout 19 0 0
2019-06-29 14:48:54.609412|INFO    |PktHandler    |1  |Dropping client 16 because of ping timeout 19 0 0
2019-06-29 15:20:56.520635|INFO    |PktHandler    |1  |Dropping client 10 because of ping timeout 19 0 0
2019-06-29 15:49:33.928819|INFO    |PktHandler    |1  |Dropping client 8 because of ping timeout 19 0 0
2019-07-01 16:43:43.845525|INFO    |VirtualServer |1  |client (id:562) was added to servergroup 'Monkas'(id:6) by client 'Poนด์'(id:7)
2019-07-02 23:11:55.355393|INFO    |PktHandler    |1  |Dropping client 9 because of ping timeout 19 0 0
2019-07-03 05:23:44.231634|INFO    |PktHandler    |1  |Dropping client 10 because of ping timeout 19 0 0
2019-07-03 10:20:13.124172|INFO    |PktHandler    |1  |Dropping client 12 because of ping timeout 19 0 0
2019-07-03 15:28:48.384025|INFO    |PktHandler    |1  |Dropping client 19 because of ping timeout 19 0 0
2019-07-04 07:09:40.946633|INFO    |PktHandler    |1  |Dropping client 5 because of ping timeout 19 0 0
2019-07-04 12:14:03.104928|INFO    |VirtualServer |1  |permission 'b_client_is_priority_speaker'(id:179) with values (value:1) was added by 'NonKK'(id:555) for client (id:555) and channel 'я๐๐м :: KBoB (10/10) Jazz Time'(id:24)
2019-07-04 12:14:06.145168|INFO    |VirtualServer |1  |permission 'b_client_is_priority_speaker'(id:179) was deleted by 'NonKK'(id:555) for client (id:555) and channel 'я๐๐м :: KBoB (10/10) Jazz Time'(id:24)
2019-07-04 12:14:48.173577|INFO    |VirtualServer |1  |client (id:555) was added to servergroup 'Antipass'(id:9) by client 'NonKK'(id:555)
2019-07-04 12:31:51.025481|INFO    |PktHandler    |1  |Dropping client 7 because of ping timeout 19 0 0
2019-07-04 12:43:48.408634|INFO    |PktHandler    |1  |Dropping client 8 because of ping timeout 19 0 0
2019-07-04 12:45:50.071107|INFO    |PktHandler    |1  |Cleaning up connection because of 9 resends of COMMAND packet
2019-07-04 12:45:50.071266|INFO    |PktHandler    |1  |Dropping client 21 because of resend timeout
2019-07-04 12:47:00.804360|INFO    |PktHandler    |1  |Cleaning up connection because of 9 resends of COMMAND packet
2019-07-04 12:47:00.804452|INFO    |PktHandler    |1  |Dropping client 22 because of resend timeout
2019-07-04 16:25:30.139909|INFO    |PktHandler    |1  |Dropping client 7 because of ping timeout 19 0 0
2019-07-04 17:07:17.471905|INFO    |PktHandler    |1  |Dropping client 8 because of ping timeout 19 0 0
2019-07-04 17:08:45.334651|INFO    |PktHandler    |1  |Cleaning up connection because of 13 resends of COMMAND packet
2019-07-04 17:08:45.334752|INFO    |PktHandler    |1  |Dropping client 4 because of resend timeout
2019-07-04 21:05:33.599614|INFO    |PktHandler    |1  |Dropping client 10 because of ping timeout 19 0 0
2019-07-05 15:05:07.554473|INFO    |PktHandler    |1  |Dropping client 13 because of ping timeout 19 0 0
2019-07-06 04:33:57.751297|INFO    |PktHandler    |1  |Dropping client 3 because of ping timeout 19 0 0
2019-07-06 07:02:24.274135|INFO    |PktHandler    |1  |Cleaning up connection because of 8 resends of COMMAND packet
2019-07-07 13:34:40.093165|INFO    |PktHandler    |1  |Dropping client 10 because of ping timeout 19 0 0
2019-07-07 23:12:04.742729|INFO    |PktHandler    |1  |Dropping client 3 because of ping timeout 19 0 0
2019-07-08 10:24:59.509602|INFO    |PktHandler    |1  |Dropping client 4 because of ping timeout 19 0 0
2019-07-08 10:54:42.747159|INFO    |PktHandler    |1  |Dropping client 10 because of ping timeout 19 0 0
2019-07-08 13:56:29.803885|INFO    |VirtualServer |1  |client (id:563) was added to servergroup 'Monkas'(id:6) by client 'Ford'(id:454)
2019-07-08 16:15:54.416587|INFO    |VirtualServer |1  |client (id:564) was added to servergroup 'Monkas'(id:6) by client 'Poนด์'(id:7)
2019-07-09 04:05:23.463522|INFO    |PktHandler    |1  |Dropping client 20 because of ping timeout 19 0 0
2019-07-09 14:26:28.839165|INFO    |PktHandler    |1  |Dropping client 15 because of ping timeout 19 0 0
2019-07-09 15:08:24.360237|INFO    |PktHandler    |1  |Dropping client 18 because of ping timeout 19 0 0
2019-07-09 19:22:16.089330|INFO    |PktHandler    |1  |Dropping client 6 because of ping timeout 19 0 0
2019-07-10 12:46:58.638888|INFO    |PktHandler    |1  |Dropping client 13 because of ping timeout 19 0 0
2019-07-10 13:37:28.268222|INFO    |PktHandler    |1  |Dropping client 11 because of ping timeout 19 0 0
2019-07-11 07:48:03.931419|INFO    |PktHandler    |1  |Dropping client 5 because of ping timeout 19 0 0
2019-07-11 09:00:51.287083|INFO    |PktHandler    |1  |Cleaning up connection because of 13 resends of COMMAND packet
2019-07-11 09:00:51.287186|INFO    |PktHandler    |1  |Dropping client 8 because of resend timeout
2019-07-11 10:27:44.492239|INFO    |PktHandler    |1  |Dropping client 11 because of ping timeout 19 0 0
2019-07-11 16:00:43.247418|INFO    |PktHandler    |1  |Dropping client 21 because of ping timeout 19 0 0
2019-07-12 08:49:28.090236|INFO    |PktHandler    |1  |Cleaning up connection because of 8 resends of COMMAND packet
2019-07-12 14:18:13.360905|INFO    |VirtualServer |1  |client (id:454) was removed from servergroup 'Monkas'(id:6) by client 'Merodachs'(id:14)
2019-07-12 14:18:40.260859|INFO    |VirtualServer |1  |client (id:454) was added to servergroup 'Monkas'(id:6) by client 'Poนด์'(id:7)
2019-07-12 17:45:11.767869|INFO    |PktHandler    |1  |Dropping client 11 because of ping timeout 19 0 0
2019-07-12 21:47:14.505850|INFO    |PktHandler    |1  |Dropping client 4 because of ping timeout 19 0 0
2019-07-12 23:12:14.834169|INFO    |PktHandler    |1  |Dropping client 3 because of ping timeout 19 0 0
2019-07-13 04:28:40.003347|INFO    |PktHandler    |1  |Cleaning up connection because of 7 resends of COMMAND packet
2019-07-13 09:30:03.077072|INFO    |PktHandler    |1  |Dropping client 9 because of ping timeout 19 0 0
2019-07-13 09:30:38.144950|INFO    |PktHandler    |1  |Dropping client 13 because of ping timeout 19 0 0
2019-07-13 10:23:16.483284|INFO    |PktHandler    |1  |Dropping client 14 because of ping timeout 19 0 0
2019-07-13 10:24:21.416763|INFO    |PktHandler    |1  |Cleaning up connection because of 13 resends of COMMAND packet
2019-07-13 10:24:21.416869|INFO    |PktHandler    |1  |Dropping client 17 because of resend timeout
2019-07-13 10:25:13.624765|INFO    |PktHandler    |1  |Cleaning up connection because of 9 resends of COMMAND packet
2019-07-13 10:25:13.624874|INFO    |PktHandler    |1  |Dropping client 18 because of resend timeout
2019-07-13 10:32:50.714314|INFO    |PktHandler    |1  |Dropping client 19 because of ping timeout 19 0 0
2019-07-13 10:44:59.487412|INFO    |PktHandler    |1  |Cleaning up connection because of 12 resends of COMMAND packet
2019-07-13 10:44:59.487518|INFO    |PktHandler    |1  |Dropping client 8 because of resend timeout
2019-07-13 10:45:46.489663|INFO    |PktHandler    |1  |Cleaning up connection because of 10 resends of COMMAND packet
2019-07-13 10:45:46.489771|INFO    |PktHandler    |1  |Dropping client 9 because of resend timeout
2019-07-13 10:46:35.784486|INFO    |PktHandler    |1  |Cleaning up connection because of 9 resends of COMMAND packet
2019-07-13 10:46:35.784587|INFO    |PktHandler    |1  |Dropping client 10 because of resend timeout
2019-07-13 10:47:36.301986|INFO    |PktHandler    |1  |Cleaning up connection because of 9 resends of COMMAND packet
2019-07-13 10:47:36.302085|INFO    |PktHandler    |1  |Dropping client 11 because of resend timeout
2019-07-13 10:48:13.377597|INFO    |PktHandler    |1  |Cleaning up connection because of 9 resends of COMMAND packet
2019-07-13 10:48:13.377688|INFO    |PktHandler    |1  |Dropping client 13 because of resend timeout
2019-07-13 10:48:51.274656|INFO    |PktHandler    |1  |Cleaning up connection because of 9 resends of COMMAND packet
2019-07-13 10:48:51.274787|INFO    |PktHandler    |1  |Dropping client 14 because of resend timeout
2019-07-13 10:49:30.965857|INFO    |PktHandler    |1  |Cleaning up connection because of 9 resends of COMMAND packet
2019-07-13 10:49:30.967320|INFO    |PktHandler    |1  |Dropping client 17 because of resend timeout
2019-07-13 11:00:28.166792|INFO    |PktHandler    |1  |Dropping client 5 because of ping timeout 19 0 0
2019-07-13 11:36:19.699759|INFO    |PktHandler    |1  |Dropping client 19 because of ping timeout 19 0 0
2019-07-13 12:22:45.491020|INFO    |PktHandler    |1  |Dropping client 16 because of ping timeout 19 0 0
2019-07-13 13:33:29.245729|INFO    |PktHandler    |1  |Dropping client 5 because of ping timeout 19 0 0
2019-07-13 15:35:14.538748|INFO    |PktHandler    |1  |Cleaning up connection because of 4 resends of COMMAND packet
2019-07-13 15:44:59.382994|INFO    |PktHandler    |1  |Dropping client 20 because of ping timeout 19 0 0
2019-07-14 09:08:37.373995|INFO    |PktHandler    |1  |Dropping client 4 because of ping timeout 19 0 0
2019-07-14 09:23:12.238182|INFO    |PktHandler    |1  |Dropping client 13 because of ping timeout 19 0 0
2019-07-14 10:24:10.062274|INFO    |PktHandler    |1  |Dropping client 12 because of ping timeout 19 0 0
2019-07-14 10:35:28.628098|INFO    |PktHandler    |1  |Dropping client 3 because of ping timeout 19 0 0
2019-07-14 10:37:08.854904|INFO    |PktHandler    |1  |Dropping client 16 because of ping timeout 19 0 0
2019-07-14 11:31:34.745653|INFO    |PktHandler    |1  |Dropping client 18 because of ping timeout 19 0 0
2019-07-14 16:22:22.001467|INFO    |PktHandler    |1  |Dropping client 22 because of ping timeout 19 0 0
2019-07-15 04:51:56.177414|INFO    |PktHandler    |1  |Dropping client 2 because of ping timeout 19 0 0
2019-07-15 05:07:48.975179|INFO    |PktHandler    |1  |Cleaning up connection because of 6 resends of COMMAND packet
2019-07-15 08:52:01.480648|INFO    |PktHandler    |1  |Dropping client 13 because of ping timeout 19 0 0
2019-07-15 11:20:16.093354|INFO    |PktHandler    |1  |Dropping client 19 because of ping timeout 19 0 0
2019-07-15 11:43:46.835946|INFO    |PktHandler    |1  |Dropping client 24 because of ping timeout 19 0 0
2019-07-15 11:52:55.803694|INFO    |PktHandler    |1  |Cleaning up connection because of 6 resends of COMMAND packet
2019-07-15 17:35:42.329189|INFO    |PktHandler    |1  |Dropping client 5 because of ping timeout 19 0 0
2019-07-16 01:50:50.887714|INFO    |PktHandler    |1  |Dropping client 4 because of ping timeout 19 0 0
2019-07-16 01:53:43.848491|INFO    |PktHandler    |1  |Cleaning up connection because of 9 resends of COMMAND packet
2019-07-16 03:38:44.209342|INFO    |PktHandler    |1  |Dropping client 2 because of ping timeout 19 0 0
2019-07-16 03:58:14.618167|INFO    |PktHandler    |1  |Dropping client 1 because of ping timeout 19 0 0
2019-07-16 06:08:16.044370|INFO    |PktHandler    |1  |Dropping client 5 because of ping timeout 19 0 0
2019-07-16 17:36:34.734428|INFO    |PktHandler    |1  |Dropping client 9 because of ping timeout 19 0 0
2019-07-16 18:24:10.362782|INFO    |PktHandler    |1  |Dropping client 6 because of ping timeout 19 0 0
2019-07-17 06:44:18.694643|INFO    |PktHandler    |1  |Dropping client 2 because of ping timeout 19 0 0
2019-07-17 07:43:44.907541|INFO    |PktHandler    |1  |Dropping client 8 because of ping timeout 19 0 0
2019-07-17 17:37:06.597263|INFO    |PktHandler    |1  |Dropping client 9 because of ping timeout 19 0 0
2019-07-17 23:12:25.957344|INFO    |PktHandler    |1  |Dropping client 7 because of ping timeout 19 0 0
2019-07-18 09:04:01.078204|INFO    |PktHandler    |1  |Cleaning up connection because of 5 resends of COMMAND packet
2019-07-18 14:06:10.686389|INFO    |PktHandler    |1  |Dropping client 16 because of ping timeout 19 0 0
2019-07-18 15:40:45.355660|INFO    |PktHandler    |1  |Dropping client 18 because of ping timeout 19 0 0
2019-07-18 15:45:40.949035|INFO    |PktHandler    |1  |Dropping client 21 because of ping timeout 19 0 0
2019-07-18 18:51:45.167299|INFO    |PktHandler    |1  |Dropping client 7 because of ping timeout 19 0 0
2019-07-19 04:43:16.275835|INFO    |PktHandler    |1  |Cleaning up connection because of 13 resends of COMMAND packet
2019-07-19 04:43:16.316315|INFO    |PktHandler    |1  |Dropping client 4 because of resend timeout
2019-07-19 09:48:59.944725|INFO    |PktHandler    |1  |Dropping client 8 because of ping timeout 19 0 0
2019-07-19 13:18:07.952110|INFO    |PktHandler    |1  |Dropping client 17 because of ping timeout 19 0 0
2019-07-19 17:38:10.843326|INFO    |PktHandler    |1  |Dropping client 2 because of ping timeout 19 0 0
2019-07-20 03:57:31.399986|INFO    |PktHandler    |1  |Cleaning up connection because of 6 resends of COMMAND packet
2019-07-20 03:57:31.482706|INFO    |PktHandler    |1  |Dropping client 6 because of resend timeout
2019-07-20 05:22:49.939442|INFO    |PktHandler    |1  |Dropping client 7 because of ping timeout 19 0 0
2019-07-20 05:53:29.598247|INFO    |PktHandler    |1  |Dropping client 10 because of ping timeout 19 0 0
2019-07-20 07:45:06.602039|INFO    |PktHandler    |1  |Dropping client 13 because of ping timeout 19 0 0
2019-07-20 11:21:04.800519|INFO    |PktHandler    |1  |Dropping client 23 because of ping timeout 19 0 0
2019-07-20 14:16:24.895085|INFO    |PktHandler    |1  |Dropping client 6 because of ping timeout 19 0 0
2019-07-20 14:19:13.209139|INFO    |PktHandler    |1  |Dropping client 7 because of ping timeout 19 0 0
2019-07-20 14:22:12.574889|INFO    |PktHandler    |1  |Dropping client 10 because of ping timeout 19 0 0
2019-07-20 14:59:14.039228|INFO    |PktHandler    |1  |Dropping client 2 because of ping timeout 19 0 0
2019-07-20 17:38:43.298545|INFO    |PktHandler    |1  |Dropping client 4 because of ping timeout 19 0 0
2019-07-20 19:39:34.625995|INFO    |PktHandler    |1  |Dropping client 18 because of ping timeout 19 0 0
2019-07-20 20:16:51.099010|INFO    |PktHandler    |1  |Dropping client 11 because of ping timeout 19 0 0
2019-07-21 04:56:39.100088|INFO    |PktHandler    |1  |Dropping client 8 because of ping timeout 19 0 0
2019-07-21 11:07:09.667341|INFO    |PktHandler    |1  |Dropping client 14 because of ping timeout 19 0 0
2019-07-21 11:33:16.786770|INFO    |PktHandler    |1  |Dropping client 17 because of ping timeout 19 0 0
2019-07-21 17:39:15.089576|INFO    |PktHandler    |1  |Dropping client 10 because of ping timeout 19 0 0
2019-07-22 06:18:55.905861|INFO    |PktHandler    |1  |Dropping client 4 because of ping timeout 19 0 0
2019-07-22 13:06:42.688952|INFO    |PktHandler    |1  |Dropping client 6 because of ping timeout 19 0 0
2019-07-22 13:27:37.026641|INFO    |PktHandler    |1  |Dropping client 18 because of ping timeout 19 0 0
2019-07-22 13:28:57.177821|INFO    |PktHandler    |1  |Cleaning up connection because of 9 resends of COMMAND packet
2019-07-22 13:28:57.177919|INFO    |PktHandler    |1  |Dropping client 21 because of resend timeout
2019-07-22 13:30:16.934167|INFO    |PktHandler    |1  |Cleaning up connection because of 9 resends of COMMAND packet
2019-07-22 13:30:16.934288|INFO    |PktHandler    |1  |Dropping client 22 because of resend timeout
2019-07-22 16:25:51.261842|INFO    |PktHandler    |1  |Dropping client 15 because of ping timeout 19 0 0
2019-07-22 17:39:46.846057|INFO    |PktHandler    |1  |Dropping client 3 because of ping timeout 19 0 0
2019-07-23 12:16:43.248685|INFO    |VirtualServer |1  |permission 'b_client_is_priority_speaker'(id:179) with values (value:1) was added by 'Poนด์'(id:7) for client (id:7) and channel 'я๐๐м :: Jimmy'(id:22)
2019-07-23 12:16:45.967771|INFO    |VirtualServer |1  |permission 'b_client_is_priority_speaker'(id:179) was deleted by 'Poนด์'(id:7) for client (id:7) and channel 'я๐๐м :: Jimmy'(id:22)
2019-07-23 13:54:37.102187|INFO    |PktHandler    |1  |Dropping client 23 because of ping timeout 19 0 0
2019-07-23 14:07:05.523400|INFO    |PktHandler    |1  |Dropping client 22 because of ping timeout 19 0 0
2019-07-23 14:59:44.771060|INFO    |PktHandler    |1  |Dropping client 19 because of ping timeout 19 0 0
2019-07-23 15:38:41.385571|INFO    |PktHandler    |1  |Dropping client 8 because of ping timeout 19 0 0
2019-07-23 16:46:27.480291|INFO    |PktHandler    |1  |Dropping client 4 because of ping timeout 19 0 0
2019-07-23 18:51:54.942552|INFO    |PktHandler    |1  |Dropping client 5 because of ping timeout 19 0 0
2019-07-24 05:54:01.028181|INFO    |PktHandler    |1  |Dropping client 2 because of ping timeout 19 0 0
2019-07-24 05:54:36.831266|INFO    |PktHandler    |1  |Cleaning up connection because of 9 resends of COMMAND packet
2019-07-24 05:54:36.831360|INFO    |PktHandler    |1  |Dropping client 9 because of resend timeout
2019-07-24 07:53:10.897876|INFO    |VirtualServer |1  |permission 'b_client_is_priority_speaker'(id:179) with values (value:1) was added by 'I'm_here'(id:509) for client (id:509) and channel 'я๐๐м :: Jimmy'(id:22)
2019-07-24 07:53:13.504596|INFO    |VirtualServer |1  |permission 'b_client_is_priority_speaker'(id:179) was deleted by 'I'm_here'(id:509) for client (id:509) and channel 'я๐๐м :: Jimmy'(id:22)
2019-07-24 14:53:34.513586|INFO    |PktHandler    |1  |Dropping client 5 because of ping timeout 19 0 0
2019-07-24 15:39:35.051210|INFO    |PktHandler    |1  |Dropping client 18 because of ping timeout 19 0 0
2019-07-24 16:44:37.646128|INFO    |PktHandler    |1  |Dropping client 7 because of ping timeout 19 0 0
2019-07-24 17:29:01.091127|INFO    |VirtualServer |1  |client (id:567) was added to servergroup 'Antipass'(id:9) by client 'MuffinnnZzzz'(id:542)
2019-07-25 06:11:04.833867|INFO    |PktHandler    |1  |Dropping client 6 because of ping timeout 19 0 0
2019-07-25 06:45:00.993032|INFO    |PktHandler    |1  |Dropping client 8 because of ping timeout 19 0 0
2019-07-25 06:57:50.581416|INFO    |PktHandler    |1  |Dropping client 4 because of ping timeout 19 0 0
2019-07-25 07:32:16.667745|INFO    |PktHandler    |1  |Dropping client 2 because of ping timeout 19 0 0
2019-07-25 07:59:06.728526|INFO    |PktHandler    |1  |Dropping client 3 because of ping timeout 19 0 0
2019-07-25 08:01:54.031126|INFO    |PktHandler    |1  |Dropping client 4 because of ping timeout 19 0 0
2019-07-25 11:22:50.098476|INFO    |PktHandler    |1  |Cleaning up connection because of 7 resends of COMMAND packet
2019-07-25 11:22:50.098848|INFO    |PktHandler    |1  |Dropping client 13 because of resend timeout
2019-07-25 11:26:10.454219|INFO    |PktHandler    |1  |Dropping client 14 because of ping timeout 19 0 0
2019-07-25 11:30:03.959541|INFO    |PktHandler    |1  |Dropping client 15 because of ping timeout 19 0 0
2019-07-25 13:46:04.712438|INFO    |PktHandler    |1  |Dropping client 18 because of ping timeout 19 0 0
2019-07-25 14:12:18.695980|INFO    |PktHandler    |1  |Dropping client 8 because of ping timeout 19 0 0
2019-07-25 14:13:24.862418|INFO    |VirtualServer |1  |client (id:568) was added to servergroup 'Monkas'(id:6) by client 'MMMMMMMMMMMMMM'(id:28)
2019-07-25 14:34:38.356998|INFO    |PktHandler    |1  |Dropping client 5 because of ping timeout 19 0 0
2019-07-25 14:37:56.692392|INFO    |PktHandler    |1  |Dropping client 14 because of ping timeout 19 0 0
2019-07-25 15:40:06.736674|INFO    |PktHandler    |1  |Dropping client 16 because of ping timeout 19 0 0
2019-07-25 17:21:11.673439|INFO    |PktHandler    |1  |Dropping client 22 because of ping timeout 19 0 0
2019-07-25 21:35:15.246572|INFO    |PktHandler    |1  |Dropping client 4 because of ping timeout 19 0 0
2019-07-26 15:40:39.314080|INFO    |PktHandler    |1  |Dropping client 5 because of ping timeout 19 0 0
2019-07-26 16:18:09.682507|INFO    |PktHandler    |1  |Dropping client 17 because of ping timeout 19 0 0
2019-07-27 11:53:52.081250|INFO    |PktHandler    |1  |Dropping client 8 because of ping timeout 19 0 0
2019-07-27 14:42:48.564789|INFO    |PktHandler    |1  |Dropping client 18 because of ping timeout 19 0 0
2019-07-27 15:41:11.629215|INFO    |PktHandler    |1  |Dropping client 4 because of ping timeout 19 0 0
2019-07-27 15:55:33.314621|INFO    |PktHandler    |1  |Dropping client 6 because of ping timeout 19 0 0
2019-07-28 14:07:39.794935|INFO    |PktHandler    |1  |Dropping client 13 because of ping timeout 19 0 0
2019-07-28 15:41:43.566384|INFO    |PktHandler    |1  |Dropping client 4 because of ping timeout 19 0 0
2019-07-28 15:58:14.496589|INFO    |PktHandler    |1  |Dropping client 22 because of ping timeout 19 0 0
2019-07-29 11:39:48.592417|INFO    |PktHandler    |1  |Dropping client 1 because of ping timeout 19 0 0
2019-07-29 13:24:43.334380|INFO    |PktHandler    |1  |Dropping client 9 because of ping timeout 19 0 0
2019-07-29 14:52:32.242381|INFO    |PktHandler    |1  |Dropping client 18 because of ping timeout 19 0 0
2019-07-29 15:42:16.118746|INFO    |PktHandler    |1  |Dropping client 4 because of ping timeout 19 0 0
2019-07-30 08:47:05.288989|INFO    |PktHandler    |1  |Dropping client 6 because of ping timeout 19 0 0
2019-07-30 11:49:33.692114|INFO    |PktHandler    |1  |Dropping client 10 because of ping timeout 19 0 0
2019-07-30 15:42:48.827667|INFO    |PktHandler    |1  |Dropping client 7 because of ping timeout 19 0 0
2019-07-30 16:08:06.790677|INFO    |PktHandler    |1  |Dropping client 20 because of ping timeout 19 0 0
2019-07-30 18:36:24.253886|INFO    |VirtualServer |1  |client (id:525) was added to servergroup 'Antipass'(id:9) by client 'MuffinnnZzzz'(id:542)
2019-08-12 21:47:47.889117|INFO    |VirtualServerBase|1  |stopped
